2/18/2019 3:07:05 PM: babau.assassin has no visualKey information.
2/18/2019 3:07:05 PM: green.dragon has no visualKey information.
2/18/2019 3:07:05 PM: Broodmother has no visualKey information.
2/18/2019 3:30:55 PM: {Exception} Object reference not set to an instance of an object. Stack:    at Microsoft.Xna.Framework.Audio.XactSound.Play(Single volume, AudioEngine engine)
   at Microsoft.Xna.Framework.Audio.Cue.Play()
   at Yuusha.Sound.Play(String[] soundInfo) in C:\Users\mikec\Desktop\YuushaMG\utility\Sound.cs:line 156
2/18/2019 7:56:27 PM: EXCEPTION: ScrollableTextBox.FormatLine(lootVeryCommonList/r/nlootCommonList/r/nlootUncommonList/r/nlootRareList/r/nlootVeryRareList/r/nlootUltraRareList/r/nlootLairList/r/nlootAlwaysList/r/nlootBeltList/r/nlootArtifactsList:, Default
2/18/2019 7:56:27 PM: {Exception} StartIndex cannot be less than zero.
Parameter name: startIndex Stack:    at System.String.Substring(Int32 startIndex, Int32 length)
   at Yuusha.gui.ScrollableTextBox.FormatLine(String line, ETextType textType, Color textColor) in C:\Users\mikec\Desktop\YuushaMG\gui\controls\ScrollableTextBox.cs:line 350
2/18/2019 7:56:27 PM: EXCEPTION: ScrollableTextBox.FormatLine(lootVeryCommonList/r/nlootCommonList/r/nlootUncommonList/r/nlootRareList/r/nlootVeryRareList/r/nlootUltraRareList/r/nlootLairList/r/nlootAlwaysList/r/nlootBeltList/r/nlootArtifactsList:, Default
2/18/2019 7:56:27 PM: {Exception} StartIndex cannot be less than zero.
Parameter name: startIndex Stack:    at System.String.Substring(Int32 startIndex, Int32 length)
   at Yuusha.gui.ScrollableTextBox.FormatLine(String line, ETextType textType, Color textColor) in C:\Users\mikec\Desktop\YuushaMG\gui\controls\ScrollableTextBox.cs:line 350
2/18/2019 7:56:49 PM: EXCEPTION: ScrollableTextBox.FormatLine(lootVeryCommonList/r/nlootCommonList/r/nlootUncommonList/r/nlootRareList/r/nlootVeryRareList/r/nlootUltraRareList/r/nlootLairList/r/nlootAlwaysList/r/nlootBeltList/r/nlootArtifactsList:, Default
2/18/2019 7:56:49 PM: {Exception} StartIndex cannot be less than zero.
Parameter name: startIndex Stack:    at System.String.Substring(Int32 startIndex, Int32 length)
   at Yuusha.gui.ScrollableTextBox.FormatLine(String line, ETextType textType, Color textColor) in C:\Users\mikec\Desktop\YuushaMG\gui\controls\ScrollableTextBox.cs:line 350
2/18/2019 7:56:49 PM: EXCEPTION: ScrollableTextBox.FormatLine(lootVeryCommonList/r/nlootCommonList/r/nlootUncommonList/r/nlootRareList/r/nlootVeryRareList/r/nlootUltraRareList/r/nlootLairList/r/nlootAlwaysList/r/nlootBeltList/r/nlootArtifactsList:, Default
2/18/2019 7:56:49 PM: {Exception} StartIndex cannot be less than zero.
Parameter name: startIndex Stack:    at System.String.Substring(Int32 startIndex, Int32 length)
   at Yuusha.gui.ScrollableTextBox.FormatLine(String line, ETextType textType, Color textColor) in C:\Users\mikec\Desktop\YuushaMG\gui\controls\ScrollableTextBox.cs:line 350
2/18/2019 7:56:51 PM: EXCEPTION: ScrollableTextBox.FormatLine(lootVeryCommonList/r/nlootCommonList/r/nlootUncommonList/r/nlootRareList/r/nlootVeryRareList/r/nlootUltraRareList/r/nlootLairList/r/nlootAlwaysList/r/nlootBeltList/r/nlootArtifactsList:, Default
2/18/2019 7:56:51 PM: {Exception} StartIndex cannot be less than zero.
Parameter name: startIndex Stack:    at System.String.Substring(Int32 startIndex, Int32 length)
   at Yuusha.gui.ScrollableTextBox.FormatLine(String line, ETextType textType, Color textColor) in C:\Users\mikec\Desktop\YuushaMG\gui\controls\ScrollableTextBox.cs:line 350
2/18/2019 7:56:51 PM: EXCEPTION: ScrollableTextBox.FormatLine(lootVeryCommonList/r/nlootCommonList/r/nlootUncommonList/r/nlootRareList/r/nlootVeryRareList/r/nlootUltraRareList/r/nlootLairList/r/nlootAlwaysList/r/nlootBeltList/r/nlootArtifactsList:, Default
2/18/2019 7:56:51 PM: {Exception} StartIndex cannot be less than zero.
Parameter name: startIndex Stack:    at System.String.Substring(Int32 startIndex, Int32 length)
   at Yuusha.gui.ScrollableTextBox.FormatLine(String line, ETextType textType, Color textColor) in C:\Users\mikec\Desktop\YuushaMG\gui\controls\ScrollableTextBox.cs:line 350
2/18/2019 7:56:51 PM: EXCEPTION: ScrollableTextBox.FormatLine(lootVeryCommonList/r/nlootCommonList/r/nlootUncommonList/r/nlootRareList/r/nlootVeryRareList/r/nlootUltraRareList/r/nlootLairList/r/nlootAlwaysList/r/nlootBeltList/r/nlootArtifactsList:, Default
2/18/2019 7:56:51 PM: {Exception} StartIndex cannot be less than zero.
Parameter name: startIndex Stack:    at System.String.Substring(Int32 startIndex, Int32 length)
   at Yuusha.gui.ScrollableTextBox.FormatLine(String line, ETextType textType, Color textColor) in C:\Users\mikec\Desktop\YuushaMG\gui\controls\ScrollableTextBox.cs:line 350
2/18/2019 7:56:51 PM: EXCEPTION: ScrollableTextBox.FormatLine(lootVeryCommonList/r/nlootCommonList/r/nlootUncommonList/r/nlootRareList/r/nlootVeryRareList/r/nlootUltraRareList/r/nlootLairList/r/nlootAlwaysList/r/nlootBeltList/r/nlootArtifactsList:, Default
2/18/2019 7:56:51 PM: {Exception} StartIndex cannot be less than zero.
Parameter name: startIndex Stack:    at System.String.Substring(Int32 startIndex, Int32 length)
   at Yuusha.gui.ScrollableTextBox.FormatLine(String line, ETextType textType, Color textColor) in C:\Users\mikec\Desktop\YuushaMG\gui\controls\ScrollableTextBox.cs:line 350
2/18/2019 7:56:55 PM: EXCEPTION: ScrollableTextBox.FormatLine(lootVeryCommonList/r/nlootCommonList/r/nlootUncommonList/r/nlootRareList/r/nlootVeryRareList/r/nlootUltraRareList/r/nlootLairList/r/nlootAlwaysList/r/nlootBeltList/r/nlootArtifactsList:, Default
2/18/2019 7:56:55 PM: {Exception} StartIndex cannot be less than zero.
Parameter name: startIndex Stack:    at System.String.Substring(Int32 startIndex, Int32 length)
   at Yuusha.gui.ScrollableTextBox.FormatLine(String line, ETextType textType, Color textColor) in C:\Users\mikec\Desktop\YuushaMG\gui\controls\ScrollableTextBox.cs:line 350
2/18/2019 7:56:55 PM: EXCEPTION: ScrollableTextBox.FormatLine(lootVeryCommonList/r/nlootCommonList/r/nlootUncommonList/r/nlootRareList/r/nlootVeryRareList/r/nlootUltraRareList/r/nlootLairList/r/nlootAlwaysList/r/nlootBeltList/r/nlootArtifactsList:, Default
2/18/2019 7:56:55 PM: {Exception} StartIndex cannot be less than zero.
Parameter name: startIndex Stack:    at System.String.Substring(Int32 startIndex, Int32 length)
   at Yuusha.gui.ScrollableTextBox.FormatLine(String line, ETextType textType, Color textColor) in C:\Users\mikec\Desktop\YuushaMG\gui\controls\ScrollableTextBox.cs:line 350
2/18/2019 7:58:03 PM: EXCEPTION: ScrollableTextBox.FormatLine(lootVeryCommonList/r/nlootCommonList/r/nlootUncommonList/r/nlootRareList/r/nlootVeryRareList/r/nlootUltraRareList/r/nlootLairList/r/nlootAlwaysList/r/nlootBeltList/r/nlootArtifactsList:, Default
2/18/2019 7:58:03 PM: {Exception} StartIndex cannot be less than zero.
Parameter name: startIndex Stack:    at System.String.Substring(Int32 startIndex, Int32 length)
   at Yuusha.gui.ScrollableTextBox.FormatLine(String line, ETextType textType, Color textColor) in C:\Users\mikec\Desktop\YuushaMG\gui\controls\ScrollableTextBox.cs:line 350
2/18/2019 7:58:03 PM: EXCEPTION: ScrollableTextBox.FormatLine(lootVeryCommonList/r/nlootCommonList/r/nlootUncommonList/r/nlootRareList/r/nlootVeryRareList/r/nlootUltraRareList/r/nlootLairList/r/nlootAlwaysList/r/nlootBeltList/r/nlootArtifactsList:, Default
2/18/2019 7:58:03 PM: {Exception} StartIndex cannot be less than zero.
Parameter name: startIndex Stack:    at System.String.Substring(Int32 startIndex, Int32 length)
   at Yuusha.gui.ScrollableTextBox.FormatLine(String line, ETextType textType, Color textColor) in C:\Users\mikec\Desktop\YuushaMG\gui\controls\ScrollableTextBox.cs:line 350
2/18/2019 7:58:03 PM: EXCEPTION: ScrollableTextBox.FormatLine(lootVeryCommonList/r/nlootCommonList/r/nlootUncommonList/r/nlootRareList/r/nlootVeryRareList/r/nlootUltraRareList/r/nlootLairList/r/nlootAlwaysList/r/nlootBeltList/r/nlootArtifactsList:, Default
2/18/2019 7:58:03 PM: {Exception} StartIndex cannot be less than zero.
Parameter name: startIndex Stack:    at System.String.Substring(Int32 startIndex, Int32 length)
   at Yuusha.gui.ScrollableTextBox.FormatLine(String line, ETextType textType, Color textColor) in C:\Users\mikec\Desktop\YuushaMG\gui\controls\ScrollableTextBox.cs:line 350
2/18/2019 7:58:03 PM: EXCEPTION: ScrollableTextBox.FormatLine(lootVeryCommonList/r/nlootCommonList/r/nlootUncommonList/r/nlootRareList/r/nlootVeryRareList/r/nlootUltraRareList/r/nlootLairList/r/nlootAlwaysList/r/nlootBeltList/r/nlootArtifactsList:, Default
2/18/2019 7:58:03 PM: {Exception} StartIndex cannot be less than zero.
Parameter name: startIndex Stack:    at System.String.Substring(Int32 startIndex, Int32 length)
   at Yuusha.gui.ScrollableTextBox.FormatLine(String line, ETextType textType, Color textColor) in C:\Users\mikec\Desktop\YuushaMG\gui\controls\ScrollableTextBox.cs:line 350
2/18/2019 7:58:03 PM: EXCEPTION: ScrollableTextBox.FormatLine(lootVeryCommonList/r/nlootCommonList/r/nlootUncommonList/r/nlootRareList/r/nlootVeryRareList/r/nlootUltraRareList/r/nlootLairList/r/nlootAlwaysList/r/nlootBeltList/r/nlootArtifactsList:, Default
2/18/2019 7:58:03 PM: {Exception} StartIndex cannot be less than zero.
Parameter name: startIndex Stack:    at System.String.Substring(Int32 startIndex, Int32 length)
   at Yuusha.gui.ScrollableTextBox.FormatLine(String line, ETextType textType, Color textColor) in C:\Users\mikec\Desktop\YuushaMG\gui\controls\ScrollableTextBox.cs:line 350
2/18/2019 7:58:03 PM: EXCEPTION: ScrollableTextBox.FormatLine(lootVeryCommonList/r/nlootCommonList/r/nlootUncommonList/r/nlootRareList/r/nlootVeryRareList/r/nlootUltraRareList/r/nlootLairList/r/nlootAlwaysList/r/nlootBeltList/r/nlootArtifactsList:, Default
2/18/2019 7:58:03 PM: {Exception} StartIndex cannot be less than zero.
Parameter name: startIndex Stack:    at System.String.Substring(Int32 startIndex, Int32 length)
   at Yuusha.gui.ScrollableTextBox.FormatLine(String line, ETextType textType, Color textColor) in C:\Users\mikec\Desktop\YuushaMG\gui\controls\ScrollableTextBox.cs:line 350
