2/6/2019 9:08:31 AM: dragon has no visualKey information.
2/6/2019 2:10:35 PM: drow has no visualKey information.
2/6/2019 2:10:35 PM: Drow.Master has no visualKey information.
2/6/2019 2:10:35 PM: drow.warlock has no visualKey information.
2/6/2019 2:10:35 PM: Failed to find IOKTile for cell graphic [ D/ ]
2/6/2019 2:10:35 PM: Failed to find IOKTile for cell graphic [ \/ ]
2/6/2019 2:10:35 PM: Failed to find SpinelTileDefinition for cell graphic [ D/ ]
2/6/2019 2:10:35 PM: Failed to find SpinelTileDefinition for cell graphic [ \/ ]
2/6/2019 5:18:03 PM: drow has no visualKey information.
2/6/2019 5:18:03 PM: Drow.Master has no visualKey information.
2/6/2019 5:18:03 PM: drow.warlock has no visualKey information.
2/6/2019 5:18:03 PM: Failed to find IOKTile for cell graphic [ D/ ]
2/6/2019 5:18:03 PM: Failed to find IOKTile for cell graphic [ \/ ]
2/6/2019 5:18:03 PM: Failed to find SpinelTileDefinition for cell graphic [ D/ ]
2/6/2019 5:18:03 PM: Failed to find SpinelTileDefinition for cell graphic [ \/ ]
2/6/2019 5:18:31 PM: golem has no visualKey information.
2/6/2019 5:18:44 PM: Drow.Matriarch has no visualKey information.
2/6/2019 5:18:44 PM: drow.cleric has no visualKey information.
2/6/2019 5:34:21 PM: merrow has no visualKey information.
2/6/2019 5:34:21 PM: Sea.Hag has no visualKey information.
2/6/2019 5:34:23 PM: {Exception} Object reference not set to an instance of an object. Stack:    at Microsoft.Xna.Framework.Audio.XactSound.Play(Single volume, AudioEngine engine)
   at Microsoft.Xna.Framework.Audio.Cue.Play()
   at Yuusha.Sound.Play(String[] soundInfo) in C:\Users\mikec\Desktop\YuushaMG\utility\Sound.cs:line 156
2/6/2019 5:34:29 PM: {Exception} Object reference not set to an instance of an object. Stack:    at Yuusha.gui.IOKMode.FormatCellCritter(String inData) in C:\Users\mikec\Desktop\YuushaMG\gui\IOKMode.cs:line 320
2/6/2019 5:34:29 PM: {Exception} Object reference not set to an instance of an object. Stack:    at Yuusha.gui.IOKMode.FormatCellCritter(String inData) in C:\Users\mikec\Desktop\YuushaMG\gui\IOKMode.cs:line 320
2/6/2019 5:34:32 PM: {Exception} Object reference not set to an instance of an object. Stack:    at Yuusha.gui.IOKMode.FormatCellCritter(String inData) in C:\Users\mikec\Desktop\YuushaMG\gui\IOKMode.cs:line 320
2/6/2019 5:34:32 PM: {Exception} Object reference not set to an instance of an object. Stack:    at Yuusha.gui.IOKMode.FormatCellCritter(String inData) in C:\Users\mikec\Desktop\YuushaMG\gui\IOKMode.cs:line 320
2/6/2019 5:34:53 PM: {Exception} Object reference not set to an instance of an object. Stack:    at Yuusha.gui.IOKMode.FormatCellCritter(String inData) in C:\Users\mikec\Desktop\YuushaMG\gui\IOKMode.cs:line 320
2/6/2019 5:34:58 PM: {Exception} Object reference not set to an instance of an object. Stack:    at Yuusha.gui.IOKMode.FormatCellCritter(String inData) in C:\Users\mikec\Desktop\YuushaMG\gui\IOKMode.cs:line 320
2/6/2019 5:35:03 PM: {Exception} Object reference not set to an instance of an object. Stack:    at Yuusha.gui.IOKMode.FormatCellCritter(String inData) in C:\Users\mikec\Desktop\YuushaMG\gui\IOKMode.cs:line 320
2/6/2019 8:27:24 PM: drow has no visualKey information.
2/6/2019 8:27:24 PM: Drow.Master has no visualKey information.
2/6/2019 8:27:24 PM: Failed to find IOKTile for cell graphic [ D/ ]
2/6/2019 8:27:24 PM: Failed to find SpinelTileDefinition for cell graphic [ D/ ]
2/6/2019 8:28:29 PM: drow.warlock has no visualKey information.
2/6/2019 8:29:09 PM: golem has no visualKey information.
2/6/2019 8:29:57 PM: Failed to find IOKTile for cell graphic [ \/ ]
2/6/2019 8:29:57 PM: Failed to find SpinelTileDefinition for cell graphic [ \/ ]
2/6/2019 8:35:25 PM: drow has no visualKey information.
2/6/2019 8:35:25 PM: Drow.Master has no visualKey information.
2/6/2019 8:35:25 PM: golem has no visualKey information.
2/6/2019 8:35:25 PM: Failed to find IOKTile for cell graphic [ D/ ]
2/6/2019 8:35:25 PM: Failed to find IOKTile for cell graphic [ \/ ]
2/6/2019 8:35:25 PM: Failed to find SpinelTileDefinition for cell graphic [ D/ ]
2/6/2019 8:35:25 PM: Failed to find SpinelTileDefinition for cell graphic [ \/ ]
2/6/2019 9:32:01 PM: {Exception} Object reference not set to an instance of an object. Stack:    at Microsoft.Xna.Framework.Audio.XactSound.Play(Single volume, AudioEngine engine)
   at Microsoft.Xna.Framework.Audio.Cue.Play()
   at Yuusha.Sound.Play(String[] soundInfo) in C:\Users\mikec\Desktop\YuushaMG\utility\Sound.cs:line 156
2/6/2019 9:32:57 PM: Drow.Master has no visualKey information.
2/6/2019 9:33:03 PM: drow has no visualKey information.
2/6/2019 9:33:03 PM: Failed to find IOKTile for cell graphic [ D/ ]
2/6/2019 9:33:03 PM: Failed to find SpinelTileDefinition for cell graphic [ D/ ]
2/6/2019 9:33:15 PM: golem has no visualKey information.
2/6/2019 9:33:46 PM: drow.warlock has no visualKey information.
2/6/2019 9:37:51 PM: {Exception} Object reference not set to an instance of an object. Stack:    at Yuusha.gui.SpinelMode.BuildCritterList() in C:\Users\mikec\Desktop\YuushaMG\gui\SpinelMode.cs:line 382
2/6/2019 11:12:03 PM: Drow.Master has no visualKey information.
2/6/2019 11:12:03 PM: drow has no visualKey information.
2/6/2019 11:12:07 PM: {Exception} Object reference not set to an instance of an object. Stack:    at Microsoft.Xna.Framework.Audio.XactSound.Play(Single volume, AudioEngine engine)
   at Microsoft.Xna.Framework.Audio.Cue.Play()
   at Yuusha.Sound.Play(String[] soundInfo) in C:\Users\mikec\Desktop\YuushaMG\utility\Sound.cs:line 156
2/6/2019 11:12:53 PM: Failed to find IOKTile for cell graphic [ D/ ]
2/6/2019 11:12:53 PM: Failed to find SpinelTileDefinition for cell graphic [ D/ ]
