1/31/2019 9:49:29 AM: Failure at GetProtoInfoFromString(info, startProto, endProto)
1/31/2019 9:49:29 AM: InData = 1^6^4^75^/\^/\^False^False^FalseGG30GG421G^56^4G^C76^G.D ^.G 1^FaGl0se^GF2al1s^e6^^F5a^l7s5e^.G 3^. G^4FalGs5e^FGaClseG^DTruGe1G3G0G4G2G51^6G^C5^7G6D^/\G^1/\^GF0alsGe2^F1a^l6s^e6^^F7a5l^s.e ^G.3 ^FGa4lseG^5FalGsCe^FGaDlsG1G3G0G4G2G51^6G^C6^7G6D^. G^1. ^GF0alsGe2^F1a^l6s^e7^^F7a5l^s.e G^3. ^GF4alsGe5^FaGlCse^GFDalsGe1G3G0G4G2G15^6^G7C^76G^D/\^G/1\^FGa0lseG^2Fa1l^s6e^^8F^a7l5s^e/\G^3/\^GF4alsGe5^FaGlCse^GFDalsGe1G3G0G4G2G15^6^G8C^76G^D. ^G.1 ^FGa0lseG^2Fa1l^s6e^^2F^a7l6s^e. G^3. ^GF4alsGe5^FaGlCse^GFDalGs1eGG30GG421G^86^-22^17477^4.8 1^0.9 7^~Feallesmee^nFtaalls~ef^iFrael_seeleGm3entGa4l~3G~5245G0C0~sGtDaffG~1unkGn0ownG~2~~1~^n6o^n3e^7G79^. G^5. ^GFCalsGeD^FaGl1se^GF0alsGe2G13^6^G34^76G^8. -^2.1 4^7F4a8l1s0e7^8F~awlrsaei^tFha~lwsreaiGt3h~3G~4250G050~kGaCtanGaD~unGk1nowGn0~~~G~2ro1b^e6^G49^76G^5. G^C. ^GFDalsGe1^FaGl0se^GF2al1s^e6^G43^77G^4. ^G.5 ^FGaClseG^DFalGs1e^FGa0lseG2G31^6G^45^7G65^/\G^C/\^GFDalsGe1^FaGl0se^GF2al1s^e6^G53^77G^4/\^G/5\^FGaClseG^DFalGs1e^FGa0lseG2G31^6G^46^7G65^. G^C. ^GFDalGs1e^FGa0lseG^2Fa1l^s6e^6G^377^G/4\^/G\5^FaGlCse^GFDalsGe1^FaGl0seGG231^G64^7^G756^/G\C^/\G^DFalGs1e^FGa0lseG^2Fa1l^s6e^7G^377^G/4\^/G\5^FaGlCse^GFDalsGe1^FaGl0seGG231G^46^8G^576^G.C ^.G D^FaGl1se^GF0alsGe2^F1a^l6s^e8^G737^.G 4^. G^5FalGsCe^FGaDlseG^1FalGs0eGG321G^46^2G^577^G.C ^.G D^FaGl1se^GF0alsGe2^F1a^l6s^2e^7G83^/\G^4/\^GF5alsGeC^FaGlDse^GF1alsGe0G3G2G14^6^G35^77G^C. ^G.D ^FGa1lseG^0FalGs2e^1F^a6l^s3e^7G83^. G^4. ^GF8al-s2e1^4F7a4l8s1e0^7F8a~lwsreaiGt3h~wGr4aitGh5~3~G2C500G0D~kaGt1ana~unknown~~~~robeG9G5GCGD
1/31/2019 9:49:29 AM: STARTPROTO = G2
1/31/2019 9:49:29 AM: ENDPROTO = G3
1/31/2019 9:49:29 AM: {Exception} Length cannot be less than zero.
Parameter name: length Stack:    at System.String.Substring(Int32 startIndex, Int32 length)
   at Yuusha.Protocol.GetProtoInfoFromString(String inData, String startProto, String endProto) in C:\Users\mikec\Desktop\YuushaMG\utility\Protocol.cs:line 199
1/31/2019 9:49:29 AM: {Exception} Input string was not in a correct format. Stack:    at System.Number.StringToNumber(String str, NumberStyles options, NumberBuffer& number, NumberFormatInfo info, Boolean parseDecimal)
   at System.Number.ParseInt32(String s, NumberStyles style, NumberFormatInfo info)
   at System.Int16.Parse(String s, NumberStyles style, NumberFormatInfo info)
   at System.Convert.ToInt16(String value)
   at Yuusha.Cell..ctor(String info) in C:\Users\mikec\Desktop\YuushaMG\game classes\Cell.cs:line 102
1/31/2019 9:49:29 AM: {Exception} Input string was not in a correct format. Stack:    at System.Number.StringToNumber(String str, NumberStyles options, NumberBuffer& number, NumberFormatInfo info, Boolean parseDecimal)
   at System.Number.ParseInt32(String s, NumberStyles style, NumberFormatInfo info)
   at System.Convert.ToInt32(String value)
   at Yuusha.gui.IOKMode.FormatCellCritter(String inData) in C:\Users\mikec\Desktop\YuushaMG\gui\IOKMode.cs:line 294
1/31/2019 9:49:29 AM: {Exception} Object reference not set to an instance of an object. Stack:    at Yuusha.gui.IOKMode.FormatCells(String inData) in C:\Users\mikec\Desktop\YuushaMG\gui\IOKMode.cs:line 252
1/31/2019 9:49:29 AM: Failure at GetProtoInfoFromString(info, startProto, endProto)
1/31/2019 9:49:29 AM: {Exception} Length cannot be less than zero.
Parameter name: length Stack:    at System.String.Substring(Int32 startIndex, Int32 length)
   at Yuusha.Protocol.GetProtoInfoFromString(String inData, String startProto, String endProto) in C:\Users\mikec\Desktop\YuushaMG\utility\Protocol.cs:line 199
1/31/2019 9:49:29 AM: {Exception} Input string was not in a correct format. Stack:    at System.Number.StringToNumber(String str, NumberStyles options, NumberBuffer& number, NumberFormatInfo info, Boolean parseDecimal)
   at System.Number.ParseInt32(String s, NumberStyles style, NumberFormatInfo info)
   at System.Int16.Parse(String s, NumberStyles style, NumberFormatInfo info)
   at System.Convert.ToInt16(String value)
   at Yuusha.Cell..ctor(String info) in C:\Users\mikec\Desktop\YuushaMG\game classes\Cell.cs:line 102
1/31/2019 9:49:29 AM: {Exception} Input string was not in a correct format. Stack:    at System.Number.StringToNumber(String str, NumberStyles options, NumberBuffer& number, NumberFormatInfo info, Boolean parseDecimal)
   at System.Number.ParseInt32(String s, NumberStyles style, NumberFormatInfo info)
   at System.Convert.ToInt32(String value)
   at Yuusha.gui.SpinelMode.FormatCellCritter(String inData) in C:\Users\mikec\Desktop\YuushaMG\gui\SpinelMode.cs:line 298
1/31/2019 9:49:29 AM: {Exception} Object reference not set to an instance of an object. Stack:    at Yuusha.gui.SpinelMode.FormatCell(String inData) in C:\Users\mikec\Desktop\YuushaMG\gui\SpinelMode.cs:line 261
1/31/2019 9:49:29 AM: {Exception} Index was out of range. Must be non-negative and less than the size of the collection.
Parameter name: index Stack:    at System.ThrowHelper.ThrowArgumentOutOfRangeException(ExceptionArgument argument, ExceptionResource resource)
   at Yuusha.gui.IOKMode.BuildCritterList() in C:\Users\mikec\Desktop\YuushaMG\gui\IOKMode.cs:line 379
1/31/2019 9:49:29 AM: {Exception} Index was out of range. Must be non-negative and less than the size of the collection.
Parameter name: index Stack:    at System.ThrowHelper.ThrowArgumentOutOfRangeException(ExceptionArgument argument, ExceptionResource resource)
   at Yuusha.gui.SpinelMode.BuildCritterList() in C:\Users\mikec\Desktop\YuushaMG\gui\SpinelMode.cs:line 386
1/31/2019 9:49:33 AM: Seiu has no visualKey information.
1/31/2019 9:49:33 AM: Etajla has no visualKey information.
1/31/2019 12:13:22 PM: demon has no visualKey information.
1/31/2019 12:13:35 PM: Failure at GetProtoInfoFromString(info, startProto, endProto)
1/31/2019 12:13:35 PM: InData = G22^10^18^27^[]^[]^False^False^FalseG3G4GCG0GDG2G12^1G00^18G^2302^^.1 0^^.2 0^^F3a0l^s.e ^^F.a s^eF^aFlaslesFealGs3e^FGa4lseG5G3GCG4GDG5G1GCG0GDG2G12^1G00^19G^2302^^.1 0^^.2 1^^F3a0l^sMeM^^Fmaml^sFea^lFsael^sFealGs3e^FGa4lseG5G3GCG4GDG5G1GCG0GDG2G12^1G00^20G^2302^^.1 0^^.2 2^F^a3l0s^e.^ F^a.l s^eF^aFlasles^eFaGl3se^GF4alsGe5G3GCG4GDG5G1GCG0GDG2G21^10G^021^G320^2M^M1^0m^m2^3Fa^l3s0e^^.F a^l.s e^^FFaallssee^FGa3lseG^4FalGs5eGG3CGG4DGG51GGC0GGD22G^110^G202^3G02^.2 ^^1.0 ^^1F7a^l3s1e^^[F]a^ls[e]^^FFaallssee^GF3alsGe4^FaGl5seGGC3GGD4GG15GGC0GGD22G^110^G203^3G02^.2 ^^1.0 ^^1F8a^l3s1e^^[F]a^l[s]e^^FFaallssee^FGa3lseG^4FalGs5eGG3CGG4DGG51GGC0GG2D2^G110^1G70^31G^2[]2^^[1]0^^F1a9l^s3e1^^F.a l^s.e ^^FFaallssee^GF3alsGe4^FaGl5seGGC3GGD4GG15GG0CGG2D2^G110^1G80^31G^2[]2^^[1]0^^F2a0l^s3e1^^F.a l^s.e ^^FFaallssee^GF3alsGe4^FGa5lseGCG3GDG4G1G5G0GCG2GD2^1G01^19G^031^G.2 ^2.^ 1^0F^a2l1s^e3^1F^aol s^eo^ F^aFlasleseG^3FaGl4se^GF5alsGeCG3GDG4G1G5G0GCG2G2D^10G^120^G301^.G 2^.2 ^^1F0a^l2s2e^^3F1a^l.s e^^.F a^lFsaelsGe3^FaGl4se^G5FalGsCeGG3DGG41GG50GGC22G^D10^G211^3G10^o G^2o 2^^F1a0l^s2e3^^F3a1l^s.e ^^F.a l^sFealGs3e^FGa4lseG^5FalGsCeGG3DGG41GG50GGC22G^D10^G212^3G10^. G^2. 2^^F1a0l^s1e7^^F3a2l^s~e~^^F~a~l^sFealGs3e^GF4alsGe5^FaGlCseGGD3GG14GG05GG2C2^G1D0^2G31^31G^0. ^G.2 ^2F^a1l0s^e1^8F^a3l2s^e.^ F^a.l s^eFaGl3se^GF4alGs5e^FGaClseGDG3G1G4G0G5G2GC2^1G0D^17G^132^G~0~^~G~2^F2a^l1s0e^^1F9a^l3s2e^^.F a^l.s e^FGa3lseG^4FalGs5e^FGaClseGDG3G1G4G0G5G2GC2^1G0D^18G^132^G.0 ^. G^2Fa2l^s1e0^^F2a0l^s3e2^^F.a l^s.e ^GF3alsGe4^FaGl5se^GFCalsGeDG3G1G4G0G5G2G2C^10G^D19^G312^.G 0^. G^2Fa2l^s1e0^^F2a1lse3^2F^aMlMs^emmG^3FalGs4e^FGa5lseG^CFalGsDeGG31GG40GG522G^C10^G2D0^3G21^. G^0. ^GF2al2s^e1^0F^a2l2s^e3^2F^a.l s^e. G^3FalGs4e^FGa5lseG^CFalGsDeGG31GG40GG252^G1C0^2G1D^32G^1MM^Gm0m^FGa2ls2e^^1F0a^l2s3e^^3F2a^l.s e^.G 3^FaGl4se^GF5alsGeC^FaGlDseGG13GG04GG252^G1C0^2G2D^32G^1. ^G.0 ^FGa2lse2^^F1a0l^s1e7^^F3a3l^s[e]^G[3]^FGa4lseG^5FalGsCe^FGaDlseG1G3G0G4G2G52^1G0C^23G^D32^G.1 ^.G 0^FaGl2se2^^F1a0l^s1e8^^F3a3l^s[e]^G[3]^FGa4lseG^5FalGsCe^FGaDlseG1G3G0G4G2G52^10G^C17^G3D3^[G]1^[]G^0FalGs2e^2F^a1l0s^e1^9F^a3l3s^e. G^3. ^GF4alsGe5^FaGlCse^GFDalsGe1G3G0G4G2G25^10G^C18^G3D3^[G]1^[]G^0FalGs2e^2F^a1l0se^^2F0a^l3s3e^.G 3^. G^4FalGs5e^FGaClseG^DFalGs1eGG30GG422G^510^G1C9^3G3D^. G^1. ^GF0alsGe2^F2a^l1s0e^^2F1a^l3s3e^.G 3^. G^4FalGs5e^FGaClseG^DFalGs1eGG30GG242^G150^2G0C^33G^D. ^G.1 ^FGa0lseG^2Fa2l^s1e0^^F2a2l^s3e3^G.3 ^.G 4^FaGl5se^GFCalsGeD^FaGl1seGG03GG242^G150^2G1C^33G^D. ^G.1 ^FGa0lseG^2Fa2l^s1e0^^Fa2l3s^e33G^3. ^G.4 ^FGa5lseG^CFalGsDe^FGa1lseG0G3G2G42^1G05^22G^C33^G.D ^.G 1^F<alGsNe^FGaKlseC^1F0alNsoermGa3lCG141GC54GCC5GCD6GC17GG0JGG202^G120^22^31^03^31^7.^ 2^7.^ [^]F^a[l]s^eF^aFlasles^eF^aFlasles^eFaGl3seGG43GG54GGC5GGDCGG1D<GG1NGG0KGC1202N^o1r0m^a1l8^C2171^[]C^4[]^CF5alsCe6^FaCl7se^GFJalsGe0G3G2G24^10G^517^G2C7^[G]D^[]G^1FalGs0e^FGa2ls2e^^1F0a^l1s9e^2G73^. G^4. ^GF5alsGeC^FaGlDse^GF1alsGe0G3G2G24^10G^518^G2C7^[G]D^[]^GF1alsGe0^FaGl2se2^^F1a0l^s2e0^G237^[G]4^[]G^5FalGsCe^FGaDlseG^1FalGs0eGG322G^410^G159^2G7C^. G^D. ^GF1alsGe0^FaGl2se2^F^a1l0s^e21G^327^G.4 ^.G 5^FaGlCse^GFDalsGe1^FaGl0seGG232^G140^2G05^27G^C[]^G[D]^FGa1lseG^0FalGs2e^2F^a1l0s^e22G^327^G[4]^[G]5^FaGlCse^GFDalsGe1^FaGl0seGG232^G140^2G15^27G^C. ^G.D ^FGalse^GF0alsGe2^F2a^l1s0e^2G33^27G^4. ^G.5 ^FGaClseG^DFalGs1e^FGa0lseG2G32^1G04^22G^527^G[C]^[G]D^FaGl1se^GF0alsGe2^F2a^l1s0e^1G73^28G^4**^G*5*^FGaClseG^DFalGs1e^FGa0lsGe2G23^10G^423^G257^.G C^.F i^rFea~l1s0e~^-F1a~lsGeD^FaGl1seGG03GG242^G150^1G8C^28G^D. ^G.1 ^FGa0lseG^2Fa2l^s1e0^^F1a7l^s2e8^G*3*^*G*4^FaGl5se^GFCalsGeD^FaGl1seGG03GG242^G150^1G9C^2F8i^r.e ~^1.0 ~^-F1a~lsGeD^FaGl1se^GF0alsGe2G23^10^G148^2G85^. G^C. ^GFDalsGe1^FaGl0se^GF2al2s^e10G^320^G248^.G 5^. G^CFalGsDe^FGa1lseG^0FalGs2e2G^310^G149^2G85^. G^C. ^GFDalsGe1^FaGl0se^GF2al2s^e10G^321^G248^.G 5^. G^CFalGsDe^FGa1lsGe0^FaGl2se2^G130^2G04^28G^5. ^G.C ^FGaDlseG^1FalGs0e^FGa2ls2e^1G03^22G^428^G.5 ^.G C^FaGlDse^GF1alsGe0^FaGl2se2^1G03^21G^428^G.5 ^.G C^FaGlDse^GF1alsGe0^FaGl2se2^G130^2G34^28G^5. ^G.C ^FGaDlseG^1FalGs0e^FGa2ls2e^1G03^22G^428^G.5 ^.G C^FaGlDse^GF1alsGe0^FaGl2se2^G130^1G74^29G^5[]^G[C]^FGaDlseG^1FaGlse^GF2al2s^e10G^323^G248^.G 5^. G^CFalGsDe^FGa1lseG^0FalGs2e2G^310^G148^2G95^[]G^C[]^GFDalsGe1^FaGl0se^GF2al2s^e10G^317^G249^[G]5^[]G^CFalGsDe^FGa1lseG^0FalGs2e2G^310^G149^2G95^. G^C. ^GFDalsGe1^FaGl0se^GF2al2s^e10G^318^G249^[G]5^[]G^FCalsGeD^FaGl1se^GF0alsGe2G23^10G^420^G259^.G C^. G^DFalGs1e^FGa0lseG^2Fa2l^s1e0^G139^2G94^. G^5. ^GFCalsGeD^FaGl1se^GF0alsGe2G23^10G^421^G259^.G C^. G^DFalGs1e^FGa0lseG^2Fa2l^s1e0^G230^2G94^. G^5. ^GFCalsGeD^FaGl1se^GF0alsGe2G23^10G^422G^529^G.C ^.G D^FaGl1se^GF0alsGe2^F2a^l1s0e^2G13^29G^4. ^G.5 ^FGaClseG^DFalGs1e^FGa0lseG2G32^1G04^23G^529^G.C ^.G D^FaGl1se^GF0alG2e^2F^a1l0s^e22G^329^G.4 ^.G 5^FaGlCse^GFDalsGe1^FaGl0seGG232^G140^1G75^30G^C @^G D@^FGa1lseG^0FalGs2e^2F^a1l0s^e23G^329^G.4 ^.G 5^FaGlCse^GFDalsGe1^FaGl0seGG232^G140^1G85^30G^C. ^G.D ^FGa1lseG^0FaGl2se2^^F1a0l^s1e7^G330^ G@4^ @G^5FalGsCe^FGaDlseG^1FalGs0eGG322G^410^G159^3G0C^. G^D. ^GF1alsGe0^FaGl2se2^^F1a0l^s1e8^G330^.G 4^. G^5FalGsCe^FGaDlseG^1FalGs0eGG322G^410^G250^3G0C^. G^D. ^GF1alsGe0^FaGl2s2e^^1F0a^l1s9e^3G03^. G^4. ^GF5alsGeC^FaGlDse^GF1alsGe0G3G2G24^10G^521^G3C0^MGMD^mmG^1FalGs0e^FGa2ls2e^^1F0a^l2s0e^3G03^. G^4. ^GF5alsGeC^FaGlDse^GF1alseG0G3G2G42^1G05^22G^C30^G.D ^.G 1^FaGl0se^GF2al2s^e1^0F^a2l1s^e30G^3MM^Gm4m^FGa5lseG^CFalGsDe^FGa1lseG0G3G2G42^1G05^23G^C30^G.D ^.G 1^FaGl0se^G2al^s1e^F^2a2l^s3e0^G.3 ^.G 4^FaGl5se^GFCalsGeD^FaGl1seGG03GG242^G150^1G7C^31G^D[]^G[1]^FGa0lseG^2Fa2l^s1e0^^F2a3l^s3e0^G.3 ^.G 4^FaGl5se^GFCalsGeD^FaGl1seGG03GG242^G150^1G8C^31^D[]G^1[]^GF0alsGe2^F2a^l1s0e^^1F7a^l3s1e^[G]3^[]G^4FalGs5e^FGaClseG^DFalGs1eGG30GG422G^510^G1C9^3G1D^. G^1. ^GF0alsGe2^F2a^l1s0e^^1F8a^l3s1e^[G]3^[]G^4FalGs5e^FGaClseG^DFalGs1eGG30GG422G^510^G2C0^3G1D^. G^1. ^GF0alsGe2^F2a^l1s0e^^1F9a^l31s^e. G^3. ^GF4alsGe5^FaGlCse^GFDalsGe1G3G0G4G2G25^10G^C21^G3D1^oG 1^o G^0FalGs2e^2F^a1l0s^e2^0F^a3l1s^e. G^3. ^GF4alsGe5^FaGlCse^GFDalsGe1G3G0G4G2G25^10G^C22^G3D1^.G 1^. G^0FalGs2e^2F^a1l0s^e2^1^Fa31l^soe ^Go3 ^FGa4lseG^5FalGsCe^FGaDlseG1G3G0G4G2G52^1G0C^23G^D31^G.1 ^.G 0^FaGl2se2^^F1a0l^s2e2^^F3a1l^s.e ^G.3 ^FGa4lseG^5FalGsCe^FGaDlseG1G3G0G4G2G52^1G0C^17G^D32^G~1~^~G~0^FaGl2se2^^F1a0l^s2e3^^F3a1l^s.e ^G.3 ^FGa4lseG^5FalGsCe^FGaDlseG1G3G0G4GG252^G1C0^1G8D^32G^1. ^G.0 ^FGa2ls2e^^1F0a^l1s7e^^3F2a^l~s~e^~G~3^FaGl4se^GF5alsGeC^FaGlDseGG13GG04GG252^G1C0^1G9D^32G^1. ^G.0 ^FGa2ls2e^^1F0a^l1s8e^^3F2a^l.s e^.G 3^FaGl4se^GF5alsGeC^FaGlDseGG13GG04GG252^G1C0^2G0D^32G^1. ^G.0 ^GF2al2s^e1^0F^a1l9s^e3^2F^a.l s^e. G^3FalGs4e^FGa5lseG^CFalGsDeGG31GG40GG522G^C10^G2D1^3G21^MMG^0mm^GF2al2s^e1^0F^a2l0s^e3^2F^a.l s^e. G^3FalGs4e^FGa5lseG^CFalGsDeGG31GG40GG522G^C10^G2D2^3G21^. G^0. ^GF2al2s^e1^0F^a2l1s^e3^2F^aMl^smem^GF3alsGe4^FaGl5se^GFCalsGeDG3G1G4G0G5G2G2C^10G^D23^G312^.G 0^. G^2Fa2l^s1e0^^F2a2l^s3e2^^F.a l^s.e ^GF3alsGe4^FaGl5se^GFCalsGeDG3G1G4G0G5G2G2C^10G^D17^G313^[G]0^[]G^2Fa2l^s1e0^^F23a^l3s2e^^.F a^l.s e^FGa3lseG^4FalGs5e^FGaClseGDG3G1G4G0G5G2GC2^1G0D^18G^133^G[0]^[G]2^F2a^l1s0e^^1F7a^l3s3e^^[F]a^l[s]e^FGa3lseG^4FalGs5e^FGaClseGDG3GG14GG05GG2C2^G1D0^1G91^33G^0. ^G.2 ^2F^a1l0s^e1^8F^a3l3s^e[^]F^a[l]s^eFaGl3se^GF4alsGe5^FaGlCseGGD3GG14GG05GG2C2^G1D0^2G01^33G^0. ^G.2 ^2F^a1l0s^e1^9F^a3l3s^e.^ F^a.l s^eFaGl3se^GF4alsGe5^FaGlCseGGD3GG14GG05GG2C2G^D10^G211^3G30^. G^2. 2^^F1a0l^s2e0^^F3a3l^s.e ^^F.a l^sFealGs3e^FGa4lseG^5FalGsCeGG3DGG41GG50GGC22G^D10^G212^3G30^. G^2. 2^^F1a0l^s2e1^^F3a3l^s.e ^^F.a l^sFealGs3^FaGl4se^GF5alsGeCG3GDG4G1G5G0GCG2G2D^10G^123^G303^.G 2^.2 ^^1F0a^l2s2e^^3F3a^l.s e^^.F a^lFsaelsGe3^FaGl4se^GF5alsGeCG3GDG4G1G<5GNGCGKGDC1G01NoGr0malG2C121^10C^423^C353^.C 6^. C^7FalGsJe^FGa0lse^GF2al2s^e10G^317^G247^[G]5^[]G^CFalGsDe^FGa1ls<e^GFNalsGeKG3C10G4NorGm5alGCC11GDC4G1C5G0C6G2C72^1G0J^18G^027^G[2]^2[^]1^0F^a1l7s^e2^7F^a[l]s^e[^]F^aFlasleseG^3FalGs4e^FGa5lseGCG3GDG4G1G5G0GCG2GD2^1G01^19G^027^G.2 ^2.^ 1^0F^a1l8s^e2^7F^a[l]s^e[^]F^aFlaslee^GF3alsGe4^FaGl5seGGC3GGD4GG15GG0CGG2D2^G110^2G00^27G^2[]2^^[1]0^^F1a9l^s2e7^^F.a l^s.e ^^FFaallssee^GF3alsGe4^FaGl5seGGC3GGD4GG15GG0CGG2D2^G110^2G10^27G^2. 2^^.1 0^^F2a0l^s2e7^^F[a]l^s[e]^^FFaallssee^GF3lseG^4FalGs5eGG3CGG4DGG51GGC0GGD22G^110^G202^2G72^[2]^^1[0]^^2F1a^ls2e7^^F.a l^s.e ^^FFaallssee^GF3alsGe4^FaGl5seGGC3GGD4GG15GG0CGGD22G^110^G203^2G72^.2 ^^1.0 ^^2F2a^l2s7e^^[F]a^l[s]e^^FFaallssee^FGa3lseG^4FalGs5eGG3CGG4DGG51GGC0GGD22G^110^G107^2G82^*2*^^1*0*^^2F3a^l2s7e^^.F a^l.s e^^FFaallssee^FGa3lseG^4FalGs5eG3GCGF4ireG~510~G-C1~GGDDGG11GG00GG2222^^1100^^1178^^2288^^*.* ^^*.* ^^FFaallssee^^FFaallssee^^FFaallsseeGG33GG44GG55GGCCFiGrDe~1G01~-1G~0GDG2G21^10G^019^G228^2.^ 1^0^.1 8^^F2a8l^s.e ^^F.a l^sFea^lFsael^sFealGs3e^FGa4lseG5G3GCG4GDG5G1GCG0GDG2G12^1G00^20G^2282^^.1 0^^.1 9^^F2a8l^s.e ^^F.a l^sFea^lFsael^sFealGs3e^FGa4lseG5G3GCG4GDG5G1GCG0GDG2G12^1G00^21G^2282^^.1 0^^.2 0^^F2a8l^s.e ^^F.a l^sFael^sFea^lFsaelsGe3^FaGl4seGG53GGC4GGD5GG1CGD
1/31/2019 12:13:35 PM: STARTPROTO = G4
1/31/2019 12:13:35 PM: ENDPROTO = G5
1/31/2019 12:13:35 PM: {Exception} Length cannot be less than zero.
Parameter name: length Stack:    at System.String.Substring(Int32 startIndex, Int32 length)
   at Yuusha.Protocol.GetProtoInfoFromString(String inData, String startProto, String endProto) in C:\Users\mikec\Desktop\YuushaMG\utility\Protocol.cs:line 199
1/31/2019 12:13:35 PM: {Exception} Index was outside the bounds of the array. Stack:    at Yuusha.Effect..ctor(String info) in C:\Users\mikec\Desktop\YuushaMG\game classes\Effect.cs:line 21
   at Yuusha.gui.IOKMode.FormatCells(String inData) in C:\Users\mikec\Desktop\YuushaMG\gui\IOKMode.cs:line 261
1/31/2019 12:13:35 PM: Failure at GetProtoInfoFromString(info, startProto, endProto)
1/31/2019 12:13:35 PM: {Exception} Length cannot be less than zero.
Parameter name: length Stack:    at System.String.Substring(Int32 startIndex, Int32 length)
   at Yuusha.Protocol.GetProtoInfoFromString(String inData, String startProto, String endProto) in C:\Users\mikec\Desktop\YuushaMG\utility\Protocol.cs:line 199
1/31/2019 12:13:35 PM: {Exception} Index was outside the bounds of the array. Stack:    at Yuusha.Effect..ctor(String info) in C:\Users\mikec\Desktop\YuushaMG\game classes\Effect.cs:line 21
   at Yuusha.gui.SpinelMode.FormatCell(String inData) in C:\Users\mikec\Desktop\YuushaMG\gui\SpinelMode.cs:line 270
1/31/2019 12:13:58 PM: {Exception} Input string was not in a correct format. Stack:    at System.Number.StringToNumber(String str, NumberStyles options, NumberBuffer& number, NumberFormatInfo info, Boolean parseDecimal)
   at System.Number.ParseInt32(String s, NumberStyles style, NumberFormatInfo info)
   at System.Int16.Parse(String s, NumberStyles style, NumberFormatInfo info)
   at System.Convert.ToInt16(String value)
   at Yuusha.Cell..ctor(String info) in C:\Users\mikec\Desktop\YuushaMG\game classes\Cell.cs:line 102
1/31/2019 12:13:58 PM: {Exception} Object reference not set to an instance of an object. Stack:    at Yuusha.gui.IOKMode.FormatCells(String inData) in C:\Users\mikec\Desktop\YuushaMG\gui\IOKMode.cs:line 263
1/31/2019 12:13:58 PM: {Exception} Input string was not in a correct format. Stack:    at System.Number.StringToNumber(String str, NumberStyles options, NumberBuffer& number, NumberFormatInfo info, Boolean parseDecimal)
   at System.Number.ParseInt32(String s, NumberStyles style, NumberFormatInfo info)
   at System.Int16.Parse(String s, NumberStyles style, NumberFormatInfo info)
   at System.Convert.ToInt16(String value)
   at Yuusha.Cell..ctor(String info) in C:\Users\mikec\Desktop\YuushaMG\game classes\Cell.cs:line 102
1/31/2019 12:13:58 PM: {Exception} Object reference not set to an instance of an object. Stack:    at Yuusha.gui.SpinelMode.FormatCell(String inData) in C:\Users\mikec\Desktop\YuushaMG\gui\SpinelMode.cs:line 272
1/31/2019 12:13:58 PM: Attempt to add more than 49 cells in IOKMode.FormatCells.m_Cells Count: 50 inData: G21^6^36^72^**^**^False^False^FalseG3G4G5GCFire~90~-1~GD
1/31/2019 12:13:58 PM: Attempt to add more than 49 cells in IOKMode.FormatCells.m_Cells Count: 50 inData: G21^6^37^72^**^**^False^False^FalseG3G4G5GCFire~90~-1~GD
1/31/2019 12:13:58 PM: Attempt to add more than 49 cells in IOKMode.FormatCells.m_Cells Count: 50 inData: G21^6^38^72^**^**^False^False^FalseG3G4G5GCFire~90~-1~GD
1/31/2019 12:13:58 PM: Attempt to add more than 49 cells in IOKMode.FormatCells.m_Cells Count: 50 inData: G21^6^39^72^**^**^False^False^FalseG3G4G5GCFire~90~-1~GD
1/31/2019 12:13:58 PM: Attempt to add more than 49 cells in IOKMode.FormatCells.m_Cells Count: 50 inData: G21^6^40^72^**^**^False^False^FalseG3G4G5GCFire~90~-1~GD
1/31/2019 12:13:58 PM: Attempt to add more than 49 cells in IOKMode.FormatCells.m_Cells Count: 50 inData: G21^6^41^72^/\^/\^False^False^FalseG3G4G5GCGD
1/31/2019 12:13:58 PM: Attempt to add more than 49 cells in IOKMode.FormatCells.m_Cells Count: 50 inData: G21^6^42^72^/\^/\^False^False^FalseG3G4G5GCGD
