3/29/2019 3:06:44 PM: {Exception} Index was out of range. Must be non-negative and less than the size of the collection.
Parameter name: index Stack:    at System.ThrowHelper.ThrowArgumentOutOfRangeException(ExceptionArgument argument, ExceptionResource resource)
   at Yuusha.gui.IOKMode.BuildCritterList() in C:\Users\mikec\Desktop\YuushaMG\gui\IOKMode.cs:line 379
3/29/2019 3:06:44 PM: {Exception} Index was out of range. Must be non-negative and less than the size of the collection.
Parameter name: index Stack:    at System.ThrowHelper.ThrowArgumentOutOfRangeException(ExceptionArgument argument, ExceptionResource resource)
   at Yuusha.gui.SpinelMode.BuildCritterList() in C:\Users\mikec\Desktop\YuushaMG\gui\SpinelMode.cs:line 386
3/29/2019 3:06:44 PM: Attempt to add more than 49 cells in IOKMode.FormatCells.m_Cells Count: 50 inData: G20^2^4^77^[]^[]^False^False^FalseG3G4G5GCGD
3/29/2019 3:06:44 PM: Attempt to add more than 49 cells in IOKMode.FormatCells.m_Cells Count: 50 inData: G20^2^5^77^[]^[]^False^False^FalseG3G4G5GCGD
3/29/2019 3:06:44 PM: Attempt to add more than 49 cells in IOKMode.FormatCells.m_Cells Count: 50 inData: 
3/29/2019 3:06:44 PM: Attempt to add more than 49 cells in IOKMode.FormatCells.m_Cells Count: 50 inData: 
3/29/2019 3:06:44 PM: Attempt to add more than 49 cells in IOKMode.FormatCells.m_Cells Count: 50 inData: 
3/29/2019 3:06:44 PM: Attempt to add more than 49 cells in IOKMode.FormatCells.m_Cells Count: 50 inData: 
3/29/2019 3:06:44 PM: Attempt to add more than 49 cells in IOKMode.FormatCells.m_Cells Count: 50 inData: 
3/29/2019 3:06:44 PM: Attempt to add more than 49 cells in IOKMode.FormatCells.m_Cells Count: 50 inData: 
3/29/2019 3:06:44 PM: Attempt to add more than 49 cells in IOKMode.FormatCells.m_Cells Count: 50 inData: 
3/29/2019 3:06:44 PM: Attempt to add more than 49 cells in IOKMode.FormatCells.m_Cells Count: 50 inData: 
3/29/2019 3:06:44 PM: {Exception} Index was out of range. Must be non-negative and less than the size of the collection.
Parameter name: index Stack:    at System.ThrowHelper.ThrowArgumentOutOfRangeException(ExceptionArgument argument, ExceptionResource resource)
   at Yuusha.gui.IOKMode.BuildCritterList() in C:\Users\mikec\Desktop\YuushaMG\gui\IOKMode.cs:line 379
3/29/2019 3:06:44 PM: {Exception} Index was out of range. Must be non-negative and less than the size of the collection.
Parameter name: index Stack:    at System.ThrowHelper.ThrowArgumentOutOfRangeException(ExceptionArgument argument, ExceptionResource resource)
   at Yuusha.gui.SpinelMode.BuildCritterList() in C:\Users\mikec\Desktop\YuushaMG\gui\SpinelMode.cs:line 386
3/29/2019 3:06:44 PM: Attempt to add more than 49 cells in IOKMode.FormatCells.m_Cells Count: 50 inData: 
3/29/2019 3:06:44 PM: Attempt to add more than 49 cells in IOKMode.FormatCells.m_Cells Count: 50 inData: 
3/29/2019 3:06:44 PM: Attempt to add more than 49 cells in IOKMode.FormatCells.m_Cells Count: 50 inData: 
3/29/2019 3:06:44 PM: Attempt to add more than 49 cells in IOKMode.FormatCells.m_Cells Count: 50 inData: 
3/29/2019 3:06:44 PM: Attempt to add more than 49 cells in IOKMode.FormatCells.m_Cells Count: 50 inData: 
3/29/2019 3:06:44 PM: Attempt to add more than 49 cells in IOKMode.FormatCells.m_Cells Count: 50 inData: 
3/29/2019 3:16:33 PM: {Exception} Object reference not set to an instance of an object. Stack:    at Yuusha.gui.IOKMode.FormatCellCritter(String inData) in C:\Users\mikec\Desktop\YuushaMG\gui\IOKMode.cs:line 320
3/29/2019 3:16:33 PM: {Exception} Object reference not set to an instance of an object. Stack:    at Yuusha.gui.IOKMode.FormatCellCritter(String inData) in C:\Users\mikec\Desktop\YuushaMG\gui\IOKMode.cs:line 320
3/29/2019 3:16:41 PM: {Exception} Object reference not set to an instance of an object. Stack:    at Yuusha.gui.IOKMode.FormatCellCritter(String inData) in C:\Users\mikec\Desktop\YuushaMG\gui\IOKMode.cs:line 320
3/29/2019 3:16:41 PM: {Exception} Object reference not set to an instance of an object. Stack:    at Yuusha.gui.IOKMode.FormatCellCritter(String inData) in C:\Users\mikec\Desktop\YuushaMG\gui\IOKMode.cs:line 320
3/29/2019 3:16:59 PM: spectre has no visualKey information.
3/29/2019 7:03:04 PM: spectre has no visualKey information.
3/29/2019 7:04:30 PM: {Exception} Object reference not set to an instance of an object. Stack:    at Yuusha.gui.SpinelMode.BuildCritterList() in C:\Users\mikec\Desktop\YuushaMG\gui\SpinelMode.cs:line 382
3/29/2019 7:06:32 PM: Puiu has no visualKey information.
3/29/2019 7:10:03 PM: Failed to find IOKTile for cell graphic [ +  ]
3/29/2019 7:10:03 PM: Failed to find SpinelTileDefinition for cell graphic [ +  ]
