3/20/2019 5:25:34 PM: spectre has no visualKey information.
3/20/2019 5:25:38 PM: Attempt to add more than 49 cells in IOKMode.FormatCells.m_Cells Count: 50 inData: 
3/20/2019 5:25:38 PM: Attempt to add more than 49 cells in IOKMode.FormatCells.m_Cells Count: 50 inData: 
3/20/2019 5:25:38 PM: Attempt to add more than 49 cells in IOKMode.FormatCells.m_Cells Count: 50 inData: 
3/20/2019 5:25:38 PM: Attempt to add more than 49 cells in IOKMode.FormatCells.m_Cells Count: 50 inData: G20^2^4^72^[]^[]^False^False^FalseG3G4G5GCGD
3/20/2019 5:25:38 PM: Attempt to add more than 49 cells in IOKMode.FormatCells.m_Cells Count: 50 inData: G20^2^5^72^[]^[]^False^False^FalseG3G4G5GCGD
3/20/2019 5:25:38 PM: Attempt to add more than 49 cells in IOKMode.FormatCells.m_Cells Count: 50 inData: G20^2^6^72^[]^[]^False^False^FalseG3G4G5GCGD
3/20/2019 5:25:38 PM: Attempt to add more than 49 cells in IOKMode.FormatCells.m_Cells Count: 50 inData: 
3/20/2019 5:25:38 PM: Attempt to add more than 49 cells in IOKMode.FormatCells.m_Cells Count: 50 inData: 
3/20/2019 5:25:38 PM: Attempt to add more than 49 cells in IOKMode.FormatCells.m_Cells Count: 50 inData: 
3/20/2019 5:25:38 PM: Attempt to add more than 49 cells in IOKMode.FormatCells.m_Cells Count: 50 inData: 
3/20/2019 5:25:38 PM: Attempt to add more than 49 cells in IOKMode.FormatCells.m_Cells Count: 50 inData: G20^2^4^73^. ^. ^False^False^FalseG3G4G5GCGD
3/20/2019 5:25:38 PM: Attempt to add more than 49 cells in IOKMode.FormatCells.m_Cells Count: 50 inData: G20^2^5^73^. ^. ^False^False^FalseG3G4G5GCGD
3/20/2019 5:25:38 PM: Attempt to add more than 49 cells in IOKMode.FormatCells.m_Cells Count: 50 inData: 
3/20/2019 5:25:38 PM: Attempt to add more than 49 cells in IOKMode.FormatCells.m_Cells Count: 50 inData: 
3/20/2019 5:25:38 PM: Attempt to add more than 49 cells in IOKMode.FormatCells.m_Cells Count: 50 inData: 
3/20/2019 5:25:38 PM: Attempt to add more than 49 cells in IOKMode.FormatCells.m_Cells Count: 50 inData: G20^2^2^74^[]^[]^False^False^FalseG3G4G5GCGD
3/20/2019 5:25:38 PM: Attempt to add more than 49 cells in IOKMode.FormatCells.m_Cells Count: 50 inData: G20^2^3^74^[]^[]^False^False^FalseG3G4G5GCGD
3/20/2019 5:25:38 PM: Attempt to add more than 49 cells in IOKMode.FormatCells.m_Cells Count: 50 inData: G20^2^4^74^\ ^\ ^False^False^FalseG3G4G5GCGD
3/20/2019 5:25:38 PM: Attempt to add more than 49 cells in IOKMode.FormatCells.m_Cells Count: 50 inData: G20^2^5^74^[]^[]^False^False^FalseG3G4G5GCGD
3/20/2019 5:25:38 PM: Attempt to add more than 49 cells in IOKMode.FormatCells.m_Cells Count: 50 inData: 
3/20/2019 5:25:38 PM: Attempt to add more than 49 cells in IOKMode.FormatCells.m_Cells Count: 50 inData: 
3/20/2019 5:25:38 PM: Attempt to add more than 49 cells in IOKMode.FormatCells.m_Cells Count: 50 inData: 
3/20/2019 5:25:38 PM: Attempt to add more than 49 cells in IOKMode.FormatCells.m_Cells Count: 50 inData: G20^2^2^75^[]^[]^False^False^FalseG3G4G5GCGD
3/20/2019 5:25:38 PM: Attempt to add more than 49 cells in IOKMode.FormatCells.m_Cells Count: 50 inData: G20^2^3^75^dn^dn^False^False^FalseG3G4G8-2147479876~Uiigia~female_fighter_npc~3~23012~battle-axe~unknown~~~~chainG9?G8-2147479875~spectre~~3~25011~longsword~unknown~~~~chainG9G5GCGD
3/20/2019 5:25:38 PM: Attempt to add more than 49 cells in IOKMode.FormatCells.m_Cells Count: 50 inData: G20^2^4^75^. ^. ^False^False^FalseG3G4G5GCGD
3/20/2019 5:25:38 PM: Attempt to add more than 49 cells in IOKMode.FormatCells.m_Cells Count: 50 inData: G20^2^5^75^[]^[]^False^False^FalseG3G4G5GCGD
3/20/2019 5:25:38 PM: Attempt to add more than 49 cells in IOKMode.FormatCells.m_Cells Count: 50 inData: 
3/20/2019 5:25:38 PM: Attempt to add more than 49 cells in IOKMode.FormatCells.m_Cells Count: 50 inData: 
3/20/2019 5:25:38 PM: Attempt to add more than 49 cells in IOKMode.FormatCells.m_Cells Count: 50 inData: 
3/20/2019 5:25:38 PM: Attempt to add more than 49 cells in IOKMode.FormatCells.m_Cells Count: 50 inData: G20^2^2^76^[]^[]^False^False^FalseG3G4G5GCGD
3/20/2019 5:25:38 PM: Attempt to add more than 49 cells in IOKMode.FormatCells.m_Cells Count: 50 inData: G20^2^3^76^. ^. ^False^False^FalseG3G4G8-2147482305~ogre~ogre~3~22500~halberd~unknown~~~~chainG9G5GCGD
3/20/2019 5:25:38 PM: Attempt to add more than 49 cells in IOKMode.FormatCells.m_Cells Count: 50 inData: G20^2^4^76^. ^. ^False^False^FalseG3G4G5GCGD
3/20/2019 5:25:38 PM: Attempt to add more than 49 cells in IOKMode.FormatCells.m_Cells Count: 50 inData: G20^2^5^76^[]^[]^False^False^FalseG3G4G5GCGD
3/20/2019 5:25:38 PM: Attempt to add more than 49 cells in IOKMode.FormatCells.m_Cells Count: 50 inData: 
3/20/2019 5:25:38 PM: Attempt to add more than 49 cells in IOKMode.FormatCells.m_Cells Count: 50 inData: 
3/20/2019 5:25:38 PM: Attempt to add more than 49 cells in IOKMode.FormatCells.m_Cells Count: 50 inData: 
3/20/2019 5:25:38 PM: Attempt to add more than 49 cells in IOKMode.FormatCells.m_Cells Count: 50 inData: G20^2^2^77^[]^[]^False^False^FalseG3G4G5GCGD
3/20/2019 5:25:38 PM: Attempt to add more than 49 cells in IOKMode.FormatCells.m_Cells Count: 50 inData: G20^2^3^77^[]^[]^False^False^FalseG3G4G5GCGD
3/20/2019 5:25:38 PM: Attempt to add more than 49 cells in IOKMode.FormatCells.m_Cells Count: 50 inData: G20^2^4^77^[]^[]^False^False^FalseG3G4G5GCGD
3/20/2019 5:25:38 PM: Attempt to add more than 49 cells in IOKMode.FormatCells.m_Cells Count: 50 inData: G20^2^5^77^[]^[]^False^False^FalseG3G4G5GCGD
3/20/2019 5:25:38 PM: Attempt to add more than 49 cells in IOKMode.FormatCells.m_Cells Count: 50 inData: 
3/20/2019 5:25:38 PM: Attempt to add more than 49 cells in IOKMode.FormatCells.m_Cells Count: 50 inData: 
3/20/2019 5:25:38 PM: Attempt to add more than 49 cells in IOKMode.FormatCells.m_Cells Count: 50 inData: 
3/20/2019 5:25:38 PM: Attempt to add more than 49 cells in IOKMode.FormatCells.m_Cells Count: 50 inData: 
3/20/2019 5:25:38 PM: Attempt to add more than 49 cells in IOKMode.FormatCells.m_Cells Count: 50 inData: 
3/20/2019 5:25:38 PM: Attempt to add more than 49 cells in IOKMode.FormatCells.m_Cells Count: 50 inData: 
3/20/2019 5:25:38 PM: Attempt to add more than 49 cells in IOKMode.FormatCells.m_Cells Count: 50 inData: 
3/20/2019 5:25:38 PM: Attempt to add more than 49 cells in IOKMode.FormatCells.m_Cells Count: 50 inData: 
3/20/2019 5:28:28 PM: Attempt to add more than 49 cells in IOKMode.FormatCells.m_Cells Count: 50 inData: 
3/20/2019 5:28:28 PM: Attempt to add more than 49 cells in IOKMode.FormatCells.m_Cells Count: 50 inData: 
3/20/2019 5:28:28 PM: Attempt to add more than 49 cells in IOKMode.FormatCells.m_Cells Count: 50 inData: 
3/20/2019 5:28:28 PM: Attempt to add more than 49 cells in IOKMode.FormatCells.m_Cells Count: 50 inData: G20^2^4^72^[]^[]^False^False^FalseG3G4G5GCGD
3/20/2019 5:28:28 PM: Attempt to add more than 49 cells in IOKMode.FormatCells.m_Cells Count: 50 inData: G20^2^5^72^[]^[]^False^False^FalseG3G4G5GCGD
3/20/2019 5:28:28 PM: Attempt to add more than 49 cells in IOKMode.FormatCells.m_Cells Count: 50 inData: G20^2^6^72^[]^[]^False^False^FalseG3G4G5GCGD
3/20/2019 5:28:28 PM: Attempt to add more than 49 cells in IOKMode.FormatCells.m_Cells Count: 50 inData: 
3/20/2019 5:28:28 PM: Attempt to add more than 49 cells in IOKMode.FormatCells.m_Cells Count: 50 inData: 
3/20/2019 5:28:28 PM: Attempt to add more than 49 cells in IOKMode.FormatCells.m_Cells Count: 50 inData: 
3/20/2019 5:28:28 PM: Attempt to add more than 49 cells in IOKMode.FormatCells.m_Cells Count: 50 inData: 
3/20/2019 5:28:28 PM: Attempt to add more than 49 cells in IOKMode.FormatCells.m_Cells Count: 50 inData: G20^2^4^73^. ^. ^False^False^FalseG3G4G5GCGD
3/20/2019 5:28:28 PM: Attempt to add more than 49 cells in IOKMode.FormatCells.m_Cells Count: 50 inData: G20^2^5^73^. ^. ^False^False^FalseG3G4G5GCGD
3/20/2019 5:28:28 PM: Attempt to add more than 49 cells in IOKMode.FormatCells.m_Cells Count: 50 inData: 
3/20/2019 5:28:28 PM: Attempt to add more than 49 cells in IOKMode.FormatCells.m_Cells Count: 50 inData: 
3/20/2019 5:28:28 PM: Attempt to add more than 49 cells in IOKMode.FormatCells.m_Cells Count: 50 inData: 
3/20/2019 5:28:28 PM: Attempt to add more than 49 cells in IOKMode.FormatCells.m_Cells Count: 50 inData: G20^2^2^74^[]^[]^False^False^FalseG3G4G5GCGD
3/20/2019 5:28:28 PM: Attempt to add more than 49 cells in IOKMode.FormatCells.m_Cells Count: 50 inData: G20^2^3^74^[]^[]^False^False^FalseG3G4G5GCGD
3/20/2019 5:28:28 PM: Attempt to add more than 49 cells in IOKMode.FormatCells.m_Cells Count: 50 inData: G20^2^4^74^\ ^\ ^False^False^FalseG3G4G5GCGD
3/20/2019 5:28:28 PM: Attempt to add more than 49 cells in IOKMode.FormatCells.m_Cells Count: 50 inData: G20^2^5^74^[]^[]^False^False^FalseG3G4G5GCGD
3/20/2019 5:28:28 PM: Attempt to add more than 49 cells in IOKMode.FormatCells.m_Cells Count: 50 inData: 
3/20/2019 5:28:28 PM: Attempt to add more than 49 cells in IOKMode.FormatCells.m_Cells Count: 50 inData: 
3/20/2019 5:28:28 PM: Attempt to add more than 49 cells in IOKMode.FormatCells.m_Cells Count: 50 inData: 
3/20/2019 5:28:28 PM: Attempt to add more than 49 cells in IOKMode.FormatCells.m_Cells Count: 50 inData: G20^2^2^75^[]^[]^False^False^FalseG3G4G5GCGD
3/20/2019 5:28:28 PM: Attempt to add more than 49 cells in IOKMode.FormatCells.m_Cells Count: 50 inData: G20^2^3^75^dn^dn^False^False^TrueG3G4G5GCGD
3/20/2019 5:28:28 PM: Attempt to add more than 49 cells in IOKMode.FormatCells.m_Cells Count: 50 inData: G20^2^4^75^. ^. ^False^False^FalseG3G4G5GCGD
3/20/2019 5:28:28 PM: Attempt to add more than 49 cells in IOKMode.FormatCells.m_Cells Count: 50 inData: G20^2^5^75^[]^[]^False^False^FalseG3G4G5GCGD
3/20/2019 5:28:28 PM: Attempt to add more than 49 cells in IOKMode.FormatCells.m_Cells Count: 50 inData: 
3/20/2019 5:28:28 PM: Attempt to add more than 49 cells in IOKMode.FormatCells.m_Cells Count: 50 inData: 
3/20/2019 5:28:28 PM: Attempt to add more than 49 cells in IOKMode.FormatCells.m_Cells Count: 50 inData: 
3/20/2019 5:28:28 PM: Attempt to add more than 49 cells in IOKMode.FormatCells.m_Cells Count: 50 inData: G20^2^2^76^[]^[]^False^False^FalseG3G4G5GCGD
3/20/2019 5:28:28 PM: Attempt to add more than 49 cells in IOKMode.FormatCells.m_Cells Count: 50 inData: G20^2^3^76^. ^. ^False^False^TrueG3G4G5GCGD
3/20/2019 5:28:28 PM: Attempt to add more than 49 cells in IOKMode.FormatCells.m_Cells Count: 50 inData: G20^2^4^76^. ^. ^False^False^FalseG3G4G5GCGD
3/20/2019 5:28:28 PM: Attempt to add more than 49 cells in IOKMode.FormatCells.m_Cells Count: 50 inData: G20^2^5^76^[]^[]^False^False^FalseG3G4G5GCGD
3/20/2019 5:28:28 PM: Attempt to add more than 49 cells in IOKMode.FormatCells.m_Cells Count: 50 inData: 
3/20/2019 5:28:28 PM: Attempt to add more than 49 cells in IOKMode.FormatCells.m_Cells Count: 50 inData: 
3/20/2019 5:28:28 PM: Attempt to add more than 49 cells in IOKMode.FormatCells.m_Cells Count: 50 inData: 
3/20/2019 5:28:28 PM: Attempt to add more than 49 cells in IOKMode.FormatCells.m_Cells Count: 50 inData: G20^2^2^77^[]^[]^False^False^FalseG3G4G5GCGD
3/20/2019 5:28:28 PM: Attempt to add more than 49 cells in IOKMode.FormatCells.m_Cells Count: 50 inData: G20^2^3^77^[]^[]^False^False^FalseG3G4G5GCGD
3/20/2019 5:28:28 PM: Attempt to add more than 49 cells in IOKMode.FormatCells.m_Cells Count: 50 inData: G20^2^4^77^[]^[]^False^False^FalseG3G4G5GCGD
3/20/2019 5:28:28 PM: Attempt to add more than 49 cells in IOKMode.FormatCells.m_Cells Count: 50 inData: G20^2^5^77^[]^[]^False^False^FalseG3G4G5GCGD
3/20/2019 5:28:28 PM: Attempt to add more than 49 cells in IOKMode.FormatCells.m_Cells Count: 50 inData: 
3/20/2019 5:28:28 PM: Attempt to add more than 49 cells in IOKMode.FormatCells.m_Cells Count: 50 inData: 
3/20/2019 5:28:28 PM: Attempt to add more than 49 cells in IOKMode.FormatCells.m_Cells Count: 50 inData: 
3/20/2019 5:28:28 PM: Attempt to add more than 49 cells in IOKMode.FormatCells.m_Cells Count: 50 inData: 
3/20/2019 5:28:28 PM: Attempt to add more than 49 cells in IOKMode.FormatCells.m_Cells Count: 50 inData: 
3/20/2019 5:28:28 PM: Attempt to add more than 49 cells in IOKMode.FormatCells.m_Cells Count: 50 inData: 
3/20/2019 5:28:28 PM: Attempt to add more than 49 cells in IOKMode.FormatCells.m_Cells Count: 50 inData: 
3/20/2019 5:28:28 PM: Attempt to add more than 49 cells in IOKMode.FormatCells.m_Cells Count: 50 inData: 
3/20/2019 5:34:06 PM: spectre has no visualKey information.
