2/9/2019 7:34:06 AM: ogre.mystic has no visualKey information.
2/9/2019 7:34:28 AM: panther has no visualKey information.
2/9/2019 7:34:48 AM: 2 smilodons has no visualKey information.
2/9/2019 7:34:49 AM: 3 smilodons has no visualKey information.
2/9/2019 7:35:04 AM: jaguar has no visualKey information.
2/9/2019 7:35:28 AM: smilodon has no visualKey information.
2/9/2019 7:35:41 AM: Failed to find visual key [ ogre_female ] for Control [ Tile39 ]
2/9/2019 7:35:41 AM: Failed to find visual key [ 2 smilodons ] for Control [ Tile25 ]
2/9/2019 7:35:44 AM: Failed to find visual key [ ogre_female ] for Control [ Tile47 ]
2/9/2019 7:35:53 AM: Failed to find visual key [ ogre_female ] for Control [ Tile48 ]
2/9/2019 7:36:08 AM: Failed to find visual key [ 2 smilodons ] for Control [ Tile39 ]
2/9/2019 7:36:13 AM: Failed to find visual key [ ogre_female ] for Control [ Tile41 ]
2/9/2019 7:36:13 AM: Failed to find visual key [ 2 smilodons ] for Control [ Tile32 ]
2/9/2019 2:28:50 PM: ogre.mystic has no visualKey information.
2/9/2019 2:28:57 PM: 2 smilodons has no visualKey information.
2/9/2019 2:29:12 PM: smilodon has no visualKey information.
2/9/2019 2:29:12 PM: jaguar has no visualKey information.
2/9/2019 2:30:29 PM: jaguar has no visualKey information.
2/9/2019 2:30:29 PM: owlbear has no visualKey information.
2/9/2019 2:30:29 PM: ogre.mystic has no visualKey information.
