1/29/2019 2:54:44 AM: hippogriff has no visualKey information.
1/29/2019 2:55:17 AM: harpy has no visualKey information.
1/29/2019 2:55:17 AM: Failed to find visual key [ harpy ] for Control [ Tile24 ]
1/29/2019 2:55:21 AM: Failed to find visual key [ harpy ] for Control [ Tile38 ]
1/29/2019 2:55:46 AM: Failed to find visual key [ harpy ] for Control [ Tile10 ]
1/29/2019 4:06:17 AM: {Exception} Object reference not set to an instance of an object. Stack:    at Microsoft.Xna.Framework.Audio.XactSound.Play(Single volume, AudioEngine engine)
   at Microsoft.Xna.Framework.Audio.Cue.Play()
   at Yuusha.Sound.Play(String[] soundInfo) in C:\Users\mikec\Desktop\YuushaMG\utility\Sound.cs:line 156
1/29/2019 4:07:12 AM: Sea.Hag has no visualKey information.
1/29/2019 4:08:35 AM: merrow has no visualKey information.
1/29/2019 4:08:57 AM: 2 high.elves has no visualKey information.
1/29/2019 4:08:57 AM: Archmage has no visualKey information.
1/29/2019 4:09:26 AM: 3 high.elves has no visualKey information.
1/29/2019 4:09:33 AM: 3 aarakocras has no visualKey information.
1/29/2019 4:09:52 AM: harpy has no visualKey information.
1/29/2019 4:10:25 AM: chimera has no visualKey information.
1/29/2019 4:11:51 AM: sprite has no visualKey information.
1/29/2019 4:11:59 AM: hippogriff has no visualKey information.
1/29/2019 10:04:08 AM: {Exception} Object reference not set to an instance of an object. Stack:    at Microsoft.Xna.Framework.Audio.XactSound.Play(Single volume, AudioEngine engine)
   at Microsoft.Xna.Framework.Audio.Cue.Play()
   at Yuusha.Sound.Play(String[] soundInfo) in C:\Users\mikec\Desktop\YuushaMG\utility\Sound.cs:line 156
1/29/2019 1:06:43 PM: hippogriff has no visualKey information.
1/29/2019 1:06:43 PM: 2 high.elves has no visualKey information.
1/29/2019 1:06:44 PM: sprite has no visualKey information.
1/29/2019 1:06:49 PM: broodmare has no visualKey information.
1/29/2019 4:40:11 PM: {Exception} Object reference not set to an instance of an object. Stack:    at Microsoft.Xna.Framework.Audio.XactSound.Play(Single volume, AudioEngine engine)
   at Microsoft.Xna.Framework.Audio.Cue.Play()
   at Yuusha.Sound.Play(String[] soundInfo) in C:\Users\mikec\Desktop\YuushaMG\utility\Sound.cs:line 156
