2/13/2019 2:22:25 PM: {Exception} Object reference not set to an instance of an object. Stack:    at Microsoft.Xna.Framework.Audio.XactSound.Play(Single volume, AudioEngine engine)
   at Microsoft.Xna.Framework.Audio.Cue.Play()
   at Yuusha.Sound.Play(String[] soundInfo) in C:\Users\mikec\Desktop\YuushaMG\utility\Sound.cs:line 156
2/13/2019 2:24:24 PM: {Exception} Object reference not set to an instance of an object. Stack:    at Yuusha.gui.IOKMode.FormatCellCritter(String inData) in C:\Users\mikec\Desktop\YuushaMG\gui\IOKMode.cs:line 320
2/13/2019 2:24:24 PM: {Exception} Object reference not set to an instance of an object. Stack:    at Yuusha.gui.IOKMode.FormatCellCritter(String inData) in C:\Users\mikec\Desktop\YuushaMG\gui\IOKMode.cs:line 320
2/13/2019 2:24:36 PM: {Exception} Object reference not set to an instance of an object. Stack:    at Yuusha.gui.IOKMode.FormatCellCritter(String inData) in C:\Users\mikec\Desktop\YuushaMG\gui\IOKMode.cs:line 320
2/13/2019 2:24:37 PM: {Exception} Object reference not set to an instance of an object. Stack:    at Yuusha.gui.IOKMode.FormatCellCritter(String inData) in C:\Users\mikec\Desktop\YuushaMG\gui\IOKMode.cs:line 320
2/13/2019 2:24:37 PM: {Exception} Object reference not set to an instance of an object. Stack:    at Yuusha.gui.IOKMode.FormatCellCritter(String inData) in C:\Users\mikec\Desktop\YuushaMG\gui\IOKMode.cs:line 320
2/13/2019 2:24:39 PM: {Exception} Object reference not set to an instance of an object. Stack:    at Yuusha.gui.IOKMode.FormatCellCritter(String inData) in C:\Users\mikec\Desktop\YuushaMG\gui\IOKMode.cs:line 320
2/13/2019 2:24:39 PM: {Exception} Object reference not set to an instance of an object. Stack:    at Yuusha.gui.IOKMode.FormatCellCritter(String inData) in C:\Users\mikec\Desktop\YuushaMG\gui\IOKMode.cs:line 320
2/13/2019 2:24:42 PM: {Exception} Object reference not set to an instance of an object. Stack:    at Yuusha.gui.IOKMode.FormatCellCritter(String inData) in C:\Users\mikec\Desktop\YuushaMG\gui\IOKMode.cs:line 320
2/13/2019 2:24:47 PM: {Exception} Object reference not set to an instance of an object. Stack:    at Yuusha.gui.IOKMode.FormatCellCritter(String inData) in C:\Users\mikec\Desktop\YuushaMG\gui\IOKMode.cs:line 320
2/13/2019 2:24:56 PM: {Exception} Object reference not set to an instance of an object. Stack:    at Yuusha.gui.IOKMode.FormatCellCritter(String inData) in C:\Users\mikec\Desktop\YuushaMG\gui\IOKMode.cs:line 320
2/13/2019 2:24:56 PM: {Exception} Object reference not set to an instance of an object. Stack:    at Yuusha.gui.IOKMode.FormatCellCritter(String inData) in C:\Users\mikec\Desktop\YuushaMG\gui\IOKMode.cs:line 320
2/13/2019 2:24:57 PM: {Exception} Object reference not set to an instance of an object. Stack:    at Yuusha.gui.IOKMode.FormatCellCritter(String inData) in C:\Users\mikec\Desktop\YuushaMG\gui\IOKMode.cs:line 320
2/13/2019 2:24:57 PM: {Exception} Object reference not set to an instance of an object. Stack:    at Yuusha.gui.IOKMode.FormatCellCritter(String inData) in C:\Users\mikec\Desktop\YuushaMG\gui\IOKMode.cs:line 320
2/13/2019 2:24:57 PM: {Exception} Object reference not set to an instance of an object. Stack:    at Yuusha.gui.IOKMode.FormatCellCritter(String inData) in C:\Users\mikec\Desktop\YuushaMG\gui\IOKMode.cs:line 320
2/13/2019 4:55:00 PM: babau.scout has no visualKey information.
2/13/2019 4:55:00 PM: Broodmother has no visualKey information.
2/13/2019 4:55:00 PM: green.dragon has no visualKey information.
2/13/2019 4:55:00 PM: {Exception} Object reference not set to an instance of an object. Stack:    at Microsoft.Xna.Framework.Audio.XactSound.Play(Single volume, AudioEngine engine)
   at Microsoft.Xna.Framework.Audio.Cue.Play()
   at Yuusha.Sound.Play(String[] soundInfo) in C:\Users\mikec\Desktop\YuushaMG\utility\Sound.cs:line 156
2/13/2019 4:55:00 PM: babau.assassin has no visualKey information.
2/13/2019 4:58:05 PM: chasme has no visualKey information.
2/13/2019 4:58:10 PM: demon has no visualKey information.
2/13/2019 4:58:28 PM: Archmage has no visualKey information.
2/13/2019 4:59:29 PM: 2 high.elves has no visualKey information.
2/13/2019 4:59:29 PM: high.elf has no visualKey information.
2/13/2019 4:59:29 PM: grey.elf has no visualKey information.
2/13/2019 5:02:45 PM: 2 high.elves has no visualKey information.
2/13/2019 5:02:45 PM: high.elf has no visualKey information.
2/13/2019 5:02:45 PM: grey.elf has no visualKey information.
2/13/2019 5:02:45 PM: Archmage has no visualKey information.
2/13/2019 5:02:49 PM: drow has no visualKey information.
2/13/2019 5:02:49 PM: Drow.Master has no visualKey information.
2/13/2019 5:03:36 PM: Aeoab has no visualKey information.
2/13/2019 7:49:04 PM: Aeoab has no visualKey information.
2/13/2019 7:50:25 PM: Iiuqai has no visualKey information.
2/13/2019 7:50:25 PM: Goaor has no visualKey information.
