4/12/2019 11:41:15 AM: {Exception} Requested value 'toggle_autoroller' was not found. Stack:    at System.Enum.EnumResult.SetFailure(ParseFailureKind failure, String failureMessageID, Object failureMessageFormatArgument)
   at System.Enum.TryParseEnum(Type enumType, String value, Boolean ignoreCase, EnumResult& parseResult)
   at System.Enum.Parse(Type enumType, String value, Boolean ignoreCase)
   at Yuusha.gui.Button.OnMouseDown(MouseState ms) in C:\Users\mikec\Desktop\YuushaMG\gui\controls\buttons\Button.cs:line 117
4/12/2019 11:41:15 AM: Failed OnMouseDown event for Button [ CharGenToggleAutoRollerButton ] of Sheet [ CharacterGeneration ]
4/12/2019 11:41:15 AM: {Exception} Requested value 'toggle_autoroller' was not found. Stack:    at System.Enum.EnumResult.SetFailure(ParseFailureKind failure, String failureMessageID, Object failureMessageFormatArgument)
   at System.Enum.TryParseEnum(Type enumType, String value, Boolean ignoreCase, EnumResult& parseResult)
   at System.Enum.Parse(Type enumType, String value, Boolean ignoreCase)
   at Yuusha.gui.Button.OnMouseDown(MouseState ms) in C:\Users\mikec\Desktop\YuushaMG\gui\controls\buttons\Button.cs:line 117
4/12/2019 11:41:15 AM: {Exception} Requested value 'toggle_autoroller' was not found. Stack:    at System.Enum.EnumResult.SetFailure(ParseFailureKind failure, String failureMessageID, Object failureMessageFormatArgument)
   at System.Enum.TryParseEnum(Type enumType, String value, Boolean ignoreCase, EnumResult& parseResult)
   at System.Enum.Parse(Type enumType, String value, Boolean ignoreCase)
   at Yuusha.gui.Button.OnMouseDown(MouseState ms) in C:\Users\mikec\Desktop\YuushaMG\gui\controls\buttons\Button.cs:line 117
4/12/2019 11:41:15 AM: {Exception} Requested value 'toggle_autoroller' was not found. Stack:    at System.Enum.EnumResult.SetFailure(ParseFailureKind failure, String failureMessageID, Object failureMessageFormatArgument)
   at System.Enum.TryParseEnum(Type enumType, String value, Boolean ignoreCase, EnumResult& parseResult)
   at System.Enum.Parse(Type enumType, String value, Boolean ignoreCase)
   at Yuusha.gui.Button.OnMouseDown(MouseState ms) in C:\Users\mikec\Desktop\YuushaMG\gui\controls\buttons\Button.cs:line 117
4/12/2019 11:41:15 AM: {Exception} Requested value 'toggle_autoroller' was not found. Stack:    at System.Enum.EnumResult.SetFailure(ParseFailureKind failure, String failureMessageID, Object failureMessageFormatArgument)
   at System.Enum.TryParseEnum(Type enumType, String value, Boolean ignoreCase, EnumResult& parseResult)
   at System.Enum.Parse(Type enumType, String value, Boolean ignoreCase)
   at Yuusha.gui.Button.OnMouseDown(MouseState ms) in C:\Users\mikec\Desktop\YuushaMG\gui\controls\buttons\Button.cs:line 117
4/12/2019 11:41:15 AM: {Exception} Requested value 'toggle_autoroller' was not found. Stack:    at System.Enum.EnumResult.SetFailure(ParseFailureKind failure, String failureMessageID, Object failureMessageFormatArgument)
   at System.Enum.TryParseEnum(Type enumType, String value, Boolean ignoreCase, EnumResult& parseResult)
   at System.Enum.Parse(Type enumType, String value, Boolean ignoreCase)
   at Yuusha.gui.Button.OnMouseDown(MouseState ms) in C:\Users\mikec\Desktop\YuushaMG\gui\controls\buttons\Button.cs:line 117
4/12/2019 11:41:16 AM: {Exception} Requested value 'toggle_autoroller' was not found. Stack:    at System.Enum.EnumResult.SetFailure(ParseFailureKind failure, String failureMessageID, Object failureMessageFormatArgument)
   at System.Enum.TryParseEnum(Type enumType, String value, Boolean ignoreCase, EnumResult& parseResult)
   at System.Enum.Parse(Type enumType, String value, Boolean ignoreCase)
   at Yuusha.gui.Button.OnMouseDown(MouseState ms) in C:\Users\mikec\Desktop\YuushaMG\gui\controls\buttons\Button.cs:line 117
4/12/2019 11:41:16 AM: {Exception} Requested value 'toggle_autoroller' was not found. Stack:    at System.Enum.EnumResult.SetFailure(ParseFailureKind failure, String failureMessageID, Object failureMessageFormatArgument)
   at System.Enum.TryParseEnum(Type enumType, String value, Boolean ignoreCase, EnumResult& parseResult)
   at System.Enum.Parse(Type enumType, String value, Boolean ignoreCase)
   at Yuusha.gui.Button.OnMouseDown(MouseState ms) in C:\Users\mikec\Desktop\YuushaMG\gui\controls\buttons\Button.cs:line 117
4/12/2019 11:41:16 AM: {Exception} Requested value 'toggle_autoroller' was not found. Stack:    at System.Enum.EnumResult.SetFailure(ParseFailureKind failure, String failureMessageID, Object failureMessageFormatArgument)
   at System.Enum.TryParseEnum(Type enumType, String value, Boolean ignoreCase, EnumResult& parseResult)
   at System.Enum.Parse(Type enumType, String value, Boolean ignoreCase)
   at Yuusha.gui.Button.OnMouseDown(MouseState ms) in C:\Users\mikec\Desktop\YuushaMG\gui\controls\buttons\Button.cs:line 117
4/12/2019 11:41:16 AM: {Exception} Requested value 'toggle_autoroller' was not found. Stack:    at System.Enum.EnumResult.SetFailure(ParseFailureKind failure, String failureMessageID, Object failureMessageFormatArgument)
   at System.Enum.TryParseEnum(Type enumType, String value, Boolean ignoreCase, EnumResult& parseResult)
   at System.Enum.Parse(Type enumType, String value, Boolean ignoreCase)
   at Yuusha.gui.Button.OnMouseDown(MouseState ms) in C:\Users\mikec\Desktop\YuushaMG\gui\controls\buttons\Button.cs:line 117
4/12/2019 11:41:16 AM: {Exception} Requested value 'toggle_autoroller' was not found. Stack:    at System.Enum.EnumResult.SetFailure(ParseFailureKind failure, String failureMessageID, Object failureMessageFormatArgument)
   at System.Enum.TryParseEnum(Type enumType, String value, Boolean ignoreCase, EnumResult& parseResult)
   at System.Enum.Parse(Type enumType, String value, Boolean ignoreCase)
   at Yuusha.gui.Button.OnMouseDown(MouseState ms) in C:\Users\mikec\Desktop\YuushaMG\gui\controls\buttons\Button.cs:line 117
4/12/2019 11:41:16 AM: {Exception} Requested value 'toggle_autoroller' was not found. Stack:    at System.Enum.EnumResult.SetFailure(ParseFailureKind failure, String failureMessageID, Object failureMessageFormatArgument)
   at System.Enum.TryParseEnum(Type enumType, String value, Boolean ignoreCase, EnumResult& parseResult)
   at System.Enum.Parse(Type enumType, String value, Boolean ignoreCase)
   at Yuusha.gui.Button.OnMouseDown(MouseState ms) in C:\Users\mikec\Desktop\YuushaMG\gui\controls\buttons\Button.cs:line 117
4/12/2019 11:41:16 AM: {Exception} Requested value 'toggle_autoroller' was not found. Stack:    at System.Enum.EnumResult.SetFailure(ParseFailureKind failure, String failureMessageID, Object failureMessageFormatArgument)
   at System.Enum.TryParseEnum(Type enumType, String value, Boolean ignoreCase, EnumResult& parseResult)
   at System.Enum.Parse(Type enumType, String value, Boolean ignoreCase)
   at Yuusha.gui.Button.OnMouseDown(MouseState ms) in C:\Users\mikec\Desktop\YuushaMG\gui\controls\buttons\Button.cs:line 117
4/12/2019 11:41:16 AM: {Exception} Requested value 'toggle_autoroller' was not found. Stack:    at System.Enum.EnumResult.SetFailure(ParseFailureKind failure, String failureMessageID, Object failureMessageFormatArgument)
   at System.Enum.TryParseEnum(Type enumType, String value, Boolean ignoreCase, EnumResult& parseResult)
   at System.Enum.Parse(Type enumType, String value, Boolean ignoreCase)
   at Yuusha.gui.Button.OnMouseDown(MouseState ms) in C:\Users\mikec\Desktop\YuushaMG\gui\controls\buttons\Button.cs:line 117
4/12/2019 11:41:16 AM: {Exception} Requested value 'toggle_autoroller' was not found. Stack:    at System.Enum.EnumResult.SetFailure(ParseFailureKind failure, String failureMessageID, Object failureMessageFormatArgument)
   at System.Enum.TryParseEnum(Type enumType, String value, Boolean ignoreCase, EnumResult& parseResult)
   at System.Enum.Parse(Type enumType, String value, Boolean ignoreCase)
   at Yuusha.gui.Button.OnMouseDown(MouseState ms) in C:\Users\mikec\Desktop\YuushaMG\gui\controls\buttons\Button.cs:line 117
4/12/2019 11:41:16 AM: {Exception} Requested value 'toggle_autoroller' was not found. Stack:    at System.Enum.EnumResult.SetFailure(ParseFailureKind failure, String failureMessageID, Object failureMessageFormatArgument)
   at System.Enum.TryParseEnum(Type enumType, String value, Boolean ignoreCase, EnumResult& parseResult)
   at System.Enum.Parse(Type enumType, String value, Boolean ignoreCase)
   at Yuusha.gui.Button.OnMouseDown(MouseState ms) in C:\Users\mikec\Desktop\YuushaMG\gui\controls\buttons\Button.cs:line 117
4/12/2019 11:41:16 AM: {Exception} Requested value 'toggle_autoroller' was not found. Stack:    at System.Enum.EnumResult.SetFailure(ParseFailureKind failure, String failureMessageID, Object failureMessageFormatArgument)
   at System.Enum.TryParseEnum(Type enumType, String value, Boolean ignoreCase, EnumResult& parseResult)
   at System.Enum.Parse(Type enumType, String value, Boolean ignoreCase)
   at Yuusha.gui.Button.OnMouseDown(MouseState ms) in C:\Users\mikec\Desktop\YuushaMG\gui\controls\buttons\Button.cs:line 117
4/12/2019 11:41:16 AM: {Exception} Requested value 'toggle_autoroller' was not found. Stack:    at System.Enum.EnumResult.SetFailure(ParseFailureKind failure, String failureMessageID, Object failureMessageFormatArgument)
   at System.Enum.TryParseEnum(Type enumType, String value, Boolean ignoreCase, EnumResult& parseResult)
   at System.Enum.Parse(Type enumType, String value, Boolean ignoreCase)
   at Yuusha.gui.Button.OnMouseDown(MouseState ms) in C:\Users\mikec\Desktop\YuushaMG\gui\controls\buttons\Button.cs:line 117
4/12/2019 11:41:16 AM: {Exception} Requested value 'toggle_autoroller' was not found. Stack:    at System.Enum.EnumResult.SetFailure(ParseFailureKind failure, String failureMessageID, Object failureMessageFormatArgument)
   at System.Enum.TryParseEnum(Type enumType, String value, Boolean ignoreCase, EnumResult& parseResult)
   at System.Enum.Parse(Type enumType, String value, Boolean ignoreCase)
   at Yuusha.gui.Button.OnMouseDown(MouseState ms) in C:\Users\mikec\Desktop\YuushaMG\gui\controls\buttons\Button.cs:line 117
4/12/2019 11:41:16 AM: {Exception} Requested value 'toggle_autoroller' was not found. Stack:    at System.Enum.EnumResult.SetFailure(ParseFailureKind failure, String failureMessageID, Object failureMessageFormatArgument)
   at System.Enum.TryParseEnum(Type enumType, String value, Boolean ignoreCase, EnumResult& parseResult)
   at System.Enum.Parse(Type enumType, String value, Boolean ignoreCase)
   at Yuusha.gui.Button.OnMouseDown(MouseState ms) in C:\Users\mikec\Desktop\YuushaMG\gui\controls\buttons\Button.cs:line 117
4/12/2019 11:41:16 AM: {Exception} Requested value 'toggle_autoroller' was not found. Stack:    at System.Enum.EnumResult.SetFailure(ParseFailureKind failure, String failureMessageID, Object failureMessageFormatArgument)
   at System.Enum.TryParseEnum(Type enumType, String value, Boolean ignoreCase, EnumResult& parseResult)
   at System.Enum.Parse(Type enumType, String value, Boolean ignoreCase)
   at Yuusha.gui.Button.OnMouseDown(MouseState ms) in C:\Users\mikec\Desktop\YuushaMG\gui\controls\buttons\Button.cs:line 117
4/12/2019 11:41:16 AM: {Exception} Requested value 'toggle_autoroller' was not found. Stack:    at System.Enum.EnumResult.SetFailure(ParseFailureKind failure, String failureMessageID, Object failureMessageFormatArgument)
   at System.Enum.TryParseEnum(Type enumType, String value, Boolean ignoreCase, EnumResult& parseResult)
   at System.Enum.Parse(Type enumType, String value, Boolean ignoreCase)
   at Yuusha.gui.Button.OnMouseDown(MouseState ms) in C:\Users\mikec\Desktop\YuushaMG\gui\controls\buttons\Button.cs:line 117
4/12/2019 11:41:16 AM: {Exception} Requested value 'toggle_autoroller' was not found. Stack:    at System.Enum.EnumResult.SetFailure(ParseFailureKind failure, String failureMessageID, Object failureMessageFormatArgument)
   at System.Enum.TryParseEnum(Type enumType, String value, Boolean ignoreCase, EnumResult& parseResult)
   at System.Enum.Parse(Type enumType, String value, Boolean ignoreCase)
   at Yuusha.gui.Button.OnMouseDown(MouseState ms) in C:\Users\mikec\Desktop\YuushaMG\gui\controls\buttons\Button.cs:line 117
4/12/2019 11:41:16 AM: {Exception} Requested value 'toggle_autoroller' was not found. Stack:    at System.Enum.EnumResult.SetFailure(ParseFailureKind failure, String failureMessageID, Object failureMessageFormatArgument)
   at System.Enum.TryParseEnum(Type enumType, String value, Boolean ignoreCase, EnumResult& parseResult)
   at System.Enum.Parse(Type enumType, String value, Boolean ignoreCase)
   at Yuusha.gui.Button.OnMouseDown(MouseState ms) in C:\Users\mikec\Desktop\YuushaMG\gui\controls\buttons\Button.cs:line 117
4/12/2019 11:42:33 AM: {Exception} Requested value 'toggle_autoroller' was not found. Stack:    at System.Enum.EnumResult.SetFailure(ParseFailureKind failure, String failureMessageID, Object failureMessageFormatArgument)
   at System.Enum.TryParseEnum(Type enumType, String value, Boolean ignoreCase, EnumResult& parseResult)
   at System.Enum.Parse(Type enumType, String value, Boolean ignoreCase)
   at Yuusha.gui.Button.OnMouseDown(MouseState ms) in C:\Users\mikec\Desktop\YuushaMG\gui\controls\buttons\Button.cs:line 117
4/12/2019 11:42:33 AM: {Exception} Requested value 'toggle_autoroller' was not found. Stack:    at System.Enum.EnumResult.SetFailure(ParseFailureKind failure, String failureMessageID, Object failureMessageFormatArgument)
   at System.Enum.TryParseEnum(Type enumType, String value, Boolean ignoreCase, EnumResult& parseResult)
   at System.Enum.Parse(Type enumType, String value, Boolean ignoreCase)
   at Yuusha.gui.Button.OnMouseDown(MouseState ms) in C:\Users\mikec\Desktop\YuushaMG\gui\controls\buttons\Button.cs:line 117
4/12/2019 11:42:33 AM: {Exception} Requested value 'toggle_autoroller' was not found. Stack:    at System.Enum.EnumResult.SetFailure(ParseFailureKind failure, String failureMessageID, Object failureMessageFormatArgument)
   at System.Enum.TryParseEnum(Type enumType, String value, Boolean ignoreCase, EnumResult& parseResult)
   at System.Enum.Parse(Type enumType, String value, Boolean ignoreCase)
   at Yuusha.gui.Button.OnMouseDown(MouseState ms) in C:\Users\mikec\Desktop\YuushaMG\gui\controls\buttons\Button.cs:line 117
4/12/2019 11:42:33 AM: {Exception} Requested value 'toggle_autoroller' was not found. Stack:    at System.Enum.EnumResult.SetFailure(ParseFailureKind failure, String failureMessageID, Object failureMessageFormatArgument)
   at System.Enum.TryParseEnum(Type enumType, String value, Boolean ignoreCase, EnumResult& parseResult)
   at System.Enum.Parse(Type enumType, String value, Boolean ignoreCase)
   at Yuusha.gui.Button.OnMouseDown(MouseState ms) in C:\Users\mikec\Desktop\YuushaMG\gui\controls\buttons\Button.cs:line 117
4/12/2019 11:42:33 AM: {Exception} Requested value 'toggle_autoroller' was not found. Stack:    at System.Enum.EnumResult.SetFailure(ParseFailureKind failure, String failureMessageID, Object failureMessageFormatArgument)
   at System.Enum.TryParseEnum(Type enumType, String value, Boolean ignoreCase, EnumResult& parseResult)
   at System.Enum.Parse(Type enumType, String value, Boolean ignoreCase)
   at Yuusha.gui.Button.OnMouseDown(MouseState ms) in C:\Users\mikec\Desktop\YuushaMG\gui\controls\buttons\Button.cs:line 117
4/12/2019 11:42:33 AM: {Exception} Requested value 'toggle_autoroller' was not found. Stack:    at System.Enum.EnumResult.SetFailure(ParseFailureKind failure, String failureMessageID, Object failureMessageFormatArgument)
   at System.Enum.TryParseEnum(Type enumType, String value, Boolean ignoreCase, EnumResult& parseResult)
   at System.Enum.Parse(Type enumType, String value, Boolean ignoreCase)
   at Yuusha.gui.Button.OnMouseDown(MouseState ms) in C:\Users\mikec\Desktop\YuushaMG\gui\controls\buttons\Button.cs:line 117
4/12/2019 11:42:33 AM: {Exception} Requested value 'toggle_autoroller' was not found. Stack:    at System.Enum.EnumResult.SetFailure(ParseFailureKind failure, String failureMessageID, Object failureMessageFormatArgument)
   at System.Enum.TryParseEnum(Type enumType, String value, Boolean ignoreCase, EnumResult& parseResult)
   at System.Enum.Parse(Type enumType, String value, Boolean ignoreCase)
   at Yuusha.gui.Button.OnMouseDown(MouseState ms) in C:\Users\mikec\Desktop\YuushaMG\gui\controls\buttons\Button.cs:line 117
4/12/2019 11:42:33 AM: {Exception} Requested value 'toggle_autoroller' was not found. Stack:    at System.Enum.EnumResult.SetFailure(ParseFailureKind failure, String failureMessageID, Object failureMessageFormatArgument)
   at System.Enum.TryParseEnum(Type enumType, String value, Boolean ignoreCase, EnumResult& parseResult)
   at System.Enum.Parse(Type enumType, String value, Boolean ignoreCase)
   at Yuusha.gui.Button.OnMouseDown(MouseState ms) in C:\Users\mikec\Desktop\YuushaMG\gui\controls\buttons\Button.cs:line 117
4/12/2019 11:42:33 AM: {Exception} Requested value 'toggle_autoroller' was not found. Stack:    at System.Enum.EnumResult.SetFailure(ParseFailureKind failure, String failureMessageID, Object failureMessageFormatArgument)
   at System.Enum.TryParseEnum(Type enumType, String value, Boolean ignoreCase, EnumResult& parseResult)
   at System.Enum.Parse(Type enumType, String value, Boolean ignoreCase)
   at Yuusha.gui.Button.OnMouseDown(MouseState ms) in C:\Users\mikec\Desktop\YuushaMG\gui\controls\buttons\Button.cs:line 117
4/12/2019 11:42:33 AM: {Exception} Requested value 'toggle_autoroller' was not found. Stack:    at System.Enum.EnumResult.SetFailure(ParseFailureKind failure, String failureMessageID, Object failureMessageFormatArgument)
   at System.Enum.TryParseEnum(Type enumType, String value, Boolean ignoreCase, EnumResult& parseResult)
   at System.Enum.Parse(Type enumType, String value, Boolean ignoreCase)
   at Yuusha.gui.Button.OnMouseDown(MouseState ms) in C:\Users\mikec\Desktop\YuushaMG\gui\controls\buttons\Button.cs:line 117
4/12/2019 11:42:33 AM: {Exception} Requested value 'toggle_autoroller' was not found. Stack:    at System.Enum.EnumResult.SetFailure(ParseFailureKind failure, String failureMessageID, Object failureMessageFormatArgument)
   at System.Enum.TryParseEnum(Type enumType, String value, Boolean ignoreCase, EnumResult& parseResult)
   at System.Enum.Parse(Type enumType, String value, Boolean ignoreCase)
   at Yuusha.gui.Button.OnMouseDown(MouseState ms) in C:\Users\mikec\Desktop\YuushaMG\gui\controls\buttons\Button.cs:line 117
4/12/2019 11:42:33 AM: {Exception} Requested value 'toggle_autoroller' was not found. Stack:    at System.Enum.EnumResult.SetFailure(ParseFailureKind failure, String failureMessageID, Object failureMessageFormatArgument)
   at System.Enum.TryParseEnum(Type enumType, String value, Boolean ignoreCase, EnumResult& parseResult)
   at System.Enum.Parse(Type enumType, String value, Boolean ignoreCase)
   at Yuusha.gui.Button.OnMouseDown(MouseState ms) in C:\Users\mikec\Desktop\YuushaMG\gui\controls\buttons\Button.cs:line 117
4/12/2019 11:42:34 AM: {Exception} Requested value 'toggle_autoroller' was not found. Stack:    at System.Enum.EnumResult.SetFailure(ParseFailureKind failure, String failureMessageID, Object failureMessageFormatArgument)
   at System.Enum.TryParseEnum(Type enumType, String value, Boolean ignoreCase, EnumResult& parseResult)
   at System.Enum.Parse(Type enumType, String value, Boolean ignoreCase)
   at Yuusha.gui.Button.OnMouseDown(MouseState ms) in C:\Users\mikec\Desktop\YuushaMG\gui\controls\buttons\Button.cs:line 117
4/12/2019 11:42:34 AM: {Exception} Requested value 'toggle_autoroller' was not found. Stack:    at System.Enum.EnumResult.SetFailure(ParseFailureKind failure, String failureMessageID, Object failureMessageFormatArgument)
   at System.Enum.TryParseEnum(Type enumType, String value, Boolean ignoreCase, EnumResult& parseResult)
   at System.Enum.Parse(Type enumType, String value, Boolean ignoreCase)
   at Yuusha.gui.Button.OnMouseDown(MouseState ms) in C:\Users\mikec\Desktop\YuushaMG\gui\controls\buttons\Button.cs:line 117
4/12/2019 11:42:34 AM: {Exception} Requested value 'toggle_autoroller' was not found. Stack:    at System.Enum.EnumResult.SetFailure(ParseFailureKind failure, String failureMessageID, Object failureMessageFormatArgument)
   at System.Enum.TryParseEnum(Type enumType, String value, Boolean ignoreCase, EnumResult& parseResult)
   at System.Enum.Parse(Type enumType, String value, Boolean ignoreCase)
   at Yuusha.gui.Button.OnMouseDown(MouseState ms) in C:\Users\mikec\Desktop\YuushaMG\gui\controls\buttons\Button.cs:line 117
4/12/2019 11:42:34 AM: {Exception} Requested value 'toggle_autoroller' was not found. Stack:    at System.Enum.EnumResult.SetFailure(ParseFailureKind failure, String failureMessageID, Object failureMessageFormatArgument)
   at System.Enum.TryParseEnum(Type enumType, String value, Boolean ignoreCase, EnumResult& parseResult)
   at System.Enum.Parse(Type enumType, String value, Boolean ignoreCase)
   at Yuusha.gui.Button.OnMouseDown(MouseState ms) in C:\Users\mikec\Desktop\YuushaMG\gui\controls\buttons\Button.cs:line 117
4/12/2019 11:42:34 AM: {Exception} Requested value 'toggle_autoroller' was not found. Stack:    at System.Enum.EnumResult.SetFailure(ParseFailureKind failure, String failureMessageID, Object failureMessageFormatArgument)
   at System.Enum.TryParseEnum(Type enumType, String value, Boolean ignoreCase, EnumResult& parseResult)
   at System.Enum.Parse(Type enumType, String value, Boolean ignoreCase)
   at Yuusha.gui.Button.OnMouseDown(MouseState ms) in C:\Users\mikec\Desktop\YuushaMG\gui\controls\buttons\Button.cs:line 117
4/12/2019 11:42:34 AM: {Exception} Requested value 'toggle_autoroller' was not found. Stack:    at System.Enum.EnumResult.SetFailure(ParseFailureKind failure, String failureMessageID, Object failureMessageFormatArgument)
   at System.Enum.TryParseEnum(Type enumType, String value, Boolean ignoreCase, EnumResult& parseResult)
   at System.Enum.Parse(Type enumType, String value, Boolean ignoreCase)
   at Yuusha.gui.Button.OnMouseDown(MouseState ms) in C:\Users\mikec\Desktop\YuushaMG\gui\controls\buttons\Button.cs:line 117
4/12/2019 11:42:34 AM: {Exception} Requested value 'toggle_autoroller' was not found. Stack:    at System.Enum.EnumResult.SetFailure(ParseFailureKind failure, String failureMessageID, Object failureMessageFormatArgument)
   at System.Enum.TryParseEnum(Type enumType, String value, Boolean ignoreCase, EnumResult& parseResult)
   at System.Enum.Parse(Type enumType, String value, Boolean ignoreCase)
   at Yuusha.gui.Button.OnMouseDown(MouseState ms) in C:\Users\mikec\Desktop\YuushaMG\gui\controls\buttons\Button.cs:line 117
4/12/2019 11:42:34 AM: {Exception} Requested value 'toggle_autoroller' was not found. Stack:    at System.Enum.EnumResult.SetFailure(ParseFailureKind failure, String failureMessageID, Object failureMessageFormatArgument)
   at System.Enum.TryParseEnum(Type enumType, String value, Boolean ignoreCase, EnumResult& parseResult)
   at System.Enum.Parse(Type enumType, String value, Boolean ignoreCase)
   at Yuusha.gui.Button.OnMouseDown(MouseState ms) in C:\Users\mikec\Desktop\YuushaMG\gui\controls\buttons\Button.cs:line 117
4/12/2019 11:42:34 AM: {Exception} Requested value 'toggle_autoroller' was not found. Stack:    at System.Enum.EnumResult.SetFailure(ParseFailureKind failure, String failureMessageID, Object failureMessageFormatArgument)
   at System.Enum.TryParseEnum(Type enumType, String value, Boolean ignoreCase, EnumResult& parseResult)
   at System.Enum.Parse(Type enumType, String value, Boolean ignoreCase)
   at Yuusha.gui.Button.OnMouseDown(MouseState ms) in C:\Users\mikec\Desktop\YuushaMG\gui\controls\buttons\Button.cs:line 117
4/12/2019 11:42:34 AM: {Exception} Requested value 'toggle_autoroller' was not found. Stack:    at System.Enum.EnumResult.SetFailure(ParseFailureKind failure, String failureMessageID, Object failureMessageFormatArgument)
   at System.Enum.TryParseEnum(Type enumType, String value, Boolean ignoreCase, EnumResult& parseResult)
   at System.Enum.Parse(Type enumType, String value, Boolean ignoreCase)
   at Yuusha.gui.Button.OnMouseDown(MouseState ms) in C:\Users\mikec\Desktop\YuushaMG\gui\controls\buttons\Button.cs:line 117
4/12/2019 11:42:34 AM: {Exception} Requested value 'toggle_autoroller' was not found. Stack:    at System.Enum.EnumResult.SetFailure(ParseFailureKind failure, String failureMessageID, Object failureMessageFormatArgument)
   at System.Enum.TryParseEnum(Type enumType, String value, Boolean ignoreCase, EnumResult& parseResult)
   at System.Enum.Parse(Type enumType, String value, Boolean ignoreCase)
   at Yuusha.gui.Button.OnMouseDown(MouseState ms) in C:\Users\mikec\Desktop\YuushaMG\gui\controls\buttons\Button.cs:line 117
4/12/2019 11:42:34 AM: {Exception} Requested value 'toggle_autoroller' was not found. Stack:    at System.Enum.EnumResult.SetFailure(ParseFailureKind failure, String failureMessageID, Object failureMessageFormatArgument)
   at System.Enum.TryParseEnum(Type enumType, String value, Boolean ignoreCase, EnumResult& parseResult)
   at System.Enum.Parse(Type enumType, String value, Boolean ignoreCase)
   at Yuusha.gui.Button.OnMouseDown(MouseState ms) in C:\Users\mikec\Desktop\YuushaMG\gui\controls\buttons\Button.cs:line 117
4/12/2019 11:42:34 AM: {Exception} Requested value 'toggle_autoroller' was not found. Stack:    at System.Enum.EnumResult.SetFailure(ParseFailureKind failure, String failureMessageID, Object failureMessageFormatArgument)
   at System.Enum.TryParseEnum(Type enumType, String value, Boolean ignoreCase, EnumResult& parseResult)
   at System.Enum.Parse(Type enumType, String value, Boolean ignoreCase)
   at Yuusha.gui.Button.OnMouseDown(MouseState ms) in C:\Users\mikec\Desktop\YuushaMG\gui\controls\buttons\Button.cs:line 117
4/12/2019 11:42:34 AM: {Exception} Requested value 'toggle_autoroller' was not found. Stack:    at System.Enum.EnumResult.SetFailure(ParseFailureKind failure, String failureMessageID, Object failureMessageFormatArgument)
   at System.Enum.TryParseEnum(Type enumType, String value, Boolean ignoreCase, EnumResult& parseResult)
   at System.Enum.Parse(Type enumType, String value, Boolean ignoreCase)
   at Yuusha.gui.Button.OnMouseDown(MouseState ms) in C:\Users\mikec\Desktop\YuushaMG\gui\controls\buttons\Button.cs:line 117
4/12/2019 11:42:34 AM: {Exception} Requested value 'toggle_autoroller' was not found. Stack:    at System.Enum.EnumResult.SetFailure(ParseFailureKind failure, String failureMessageID, Object failureMessageFormatArgument)
   at System.Enum.TryParseEnum(Type enumType, String value, Boolean ignoreCase, EnumResult& parseResult)
   at System.Enum.Parse(Type enumType, String value, Boolean ignoreCase)
   at Yuusha.gui.Button.OnMouseDown(MouseState ms) in C:\Users\mikec\Desktop\YuushaMG\gui\controls\buttons\Button.cs:line 117
4/12/2019 11:42:34 AM: {Exception} Requested value 'toggle_autoroller' was not found. Stack:    at System.Enum.EnumResult.SetFailure(ParseFailureKind failure, String failureMessageID, Object failureMessageFormatArgument)
   at System.Enum.TryParseEnum(Type enumType, String value, Boolean ignoreCase, EnumResult& parseResult)
   at System.Enum.Parse(Type enumType, String value, Boolean ignoreCase)
   at Yuusha.gui.Button.OnMouseDown(MouseState ms) in C:\Users\mikec\Desktop\YuushaMG\gui\controls\buttons\Button.cs:line 117
4/12/2019 11:42:34 AM: {Exception} Requested value 'toggle_autoroller' was not found. Stack:    at System.Enum.EnumResult.SetFailure(ParseFailureKind failure, String failureMessageID, Object failureMessageFormatArgument)
   at System.Enum.TryParseEnum(Type enumType, String value, Boolean ignoreCase, EnumResult& parseResult)
   at System.Enum.Parse(Type enumType, String value, Boolean ignoreCase)
   at Yuusha.gui.Button.OnMouseDown(MouseState ms) in C:\Users\mikec\Desktop\YuushaMG\gui\controls\buttons\Button.cs:line 117
4/12/2019 11:42:34 AM: {Exception} Requested value 'toggle_autoroller' was not found. Stack:    at System.Enum.EnumResult.SetFailure(ParseFailureKind failure, String failureMessageID, Object failureMessageFormatArgument)
   at System.Enum.TryParseEnum(Type enumType, String value, Boolean ignoreCase, EnumResult& parseResult)
   at System.Enum.Parse(Type enumType, String value, Boolean ignoreCase)
   at Yuusha.gui.Button.OnMouseDown(MouseState ms) in C:\Users\mikec\Desktop\YuushaMG\gui\controls\buttons\Button.cs:line 117
4/12/2019 11:42:34 AM: {Exception} Requested value 'toggle_autoroller' was not found. Stack:    at System.Enum.EnumResult.SetFailure(ParseFailureKind failure, String failureMessageID, Object failureMessageFormatArgument)
   at System.Enum.TryParseEnum(Type enumType, String value, Boolean ignoreCase, EnumResult& parseResult)
   at System.Enum.Parse(Type enumType, String value, Boolean ignoreCase)
   at Yuusha.gui.Button.OnMouseDown(MouseState ms) in C:\Users\mikec\Desktop\YuushaMG\gui\controls\buttons\Button.cs:line 117
4/12/2019 11:42:34 AM: {Exception} Requested value 'toggle_autoroller' was not found. Stack:    at System.Enum.EnumResult.SetFailure(ParseFailureKind failure, String failureMessageID, Object failureMessageFormatArgument)
   at System.Enum.TryParseEnum(Type enumType, String value, Boolean ignoreCase, EnumResult& parseResult)
   at System.Enum.Parse(Type enumType, String value, Boolean ignoreCase)
   at Yuusha.gui.Button.OnMouseDown(MouseState ms) in C:\Users\mikec\Desktop\YuushaMG\gui\controls\buttons\Button.cs:line 117
4/12/2019 11:42:34 AM: {Exception} Requested value 'toggle_autoroller' was not found. Stack:    at System.Enum.EnumResult.SetFailure(ParseFailureKind failure, String failureMessageID, Object failureMessageFormatArgument)
   at System.Enum.TryParseEnum(Type enumType, String value, Boolean ignoreCase, EnumResult& parseResult)
   at System.Enum.Parse(Type enumType, String value, Boolean ignoreCase)
   at Yuusha.gui.Button.OnMouseDown(MouseState ms) in C:\Users\mikec\Desktop\YuushaMG\gui\controls\buttons\Button.cs:line 117
4/12/2019 11:42:34 AM: {Exception} Requested value 'toggle_autoroller' was not found. Stack:    at System.Enum.EnumResult.SetFailure(ParseFailureKind failure, String failureMessageID, Object failureMessageFormatArgument)
   at System.Enum.TryParseEnum(Type enumType, String value, Boolean ignoreCase, EnumResult& parseResult)
   at System.Enum.Parse(Type enumType, String value, Boolean ignoreCase)
   at Yuusha.gui.Button.OnMouseDown(MouseState ms) in C:\Users\mikec\Desktop\YuushaMG\gui\controls\buttons\Button.cs:line 117
4/12/2019 11:42:34 AM: {Exception} Requested value 'toggle_autoroller' was not found. Stack:    at System.Enum.EnumResult.SetFailure(ParseFailureKind failure, String failureMessageID, Object failureMessageFormatArgument)
   at System.Enum.TryParseEnum(Type enumType, String value, Boolean ignoreCase, EnumResult& parseResult)
   at System.Enum.Parse(Type enumType, String value, Boolean ignoreCase)
   at Yuusha.gui.Button.OnMouseDown(MouseState ms) in C:\Users\mikec\Desktop\YuushaMG\gui\controls\buttons\Button.cs:line 117
4/12/2019 11:42:34 AM: {Exception} Requested value 'toggle_autoroller' was not found. Stack:    at System.Enum.EnumResult.SetFailure(ParseFailureKind failure, String failureMessageID, Object failureMessageFormatArgument)
   at System.Enum.TryParseEnum(Type enumType, String value, Boolean ignoreCase, EnumResult& parseResult)
   at System.Enum.Parse(Type enumType, String value, Boolean ignoreCase)
   at Yuusha.gui.Button.OnMouseDown(MouseState ms) in C:\Users\mikec\Desktop\YuushaMG\gui\controls\buttons\Button.cs:line 117
4/12/2019 11:42:34 AM: {Exception} Requested value 'toggle_autoroller' was not found. Stack:    at System.Enum.EnumResult.SetFailure(ParseFailureKind failure, String failureMessageID, Object failureMessageFormatArgument)
   at System.Enum.TryParseEnum(Type enumType, String value, Boolean ignoreCase, EnumResult& parseResult)
   at System.Enum.Parse(Type enumType, String value, Boolean ignoreCase)
   at Yuusha.gui.Button.OnMouseDown(MouseState ms) in C:\Users\mikec\Desktop\YuushaMG\gui\controls\buttons\Button.cs:line 117
4/12/2019 11:42:34 AM: {Exception} Requested value 'toggle_autoroller' was not found. Stack:    at System.Enum.EnumResult.SetFailure(ParseFailureKind failure, String failureMessageID, Object failureMessageFormatArgument)
   at System.Enum.TryParseEnum(Type enumType, String value, Boolean ignoreCase, EnumResult& parseResult)
   at System.Enum.Parse(Type enumType, String value, Boolean ignoreCase)
   at Yuusha.gui.Button.OnMouseDown(MouseState ms) in C:\Users\mikec\Desktop\YuushaMG\gui\controls\buttons\Button.cs:line 117
4/12/2019 11:42:34 AM: {Exception} Requested value 'toggle_autoroller' was not found. Stack:    at System.Enum.EnumResult.SetFailure(ParseFailureKind failure, String failureMessageID, Object failureMessageFormatArgument)
   at System.Enum.TryParseEnum(Type enumType, String value, Boolean ignoreCase, EnumResult& parseResult)
   at System.Enum.Parse(Type enumType, String value, Boolean ignoreCase)
   at Yuusha.gui.Button.OnMouseDown(MouseState ms) in C:\Users\mikec\Desktop\YuushaMG\gui\controls\buttons\Button.cs:line 117
4/12/2019 11:42:34 AM: {Exception} Requested value 'toggle_autoroller' was not found. Stack:    at System.Enum.EnumResult.SetFailure(ParseFailureKind failure, String failureMessageID, Object failureMessageFormatArgument)
   at System.Enum.TryParseEnum(Type enumType, String value, Boolean ignoreCase, EnumResult& parseResult)
   at System.Enum.Parse(Type enumType, String value, Boolean ignoreCase)
   at Yuusha.gui.Button.OnMouseDown(MouseState ms) in C:\Users\mikec\Desktop\YuushaMG\gui\controls\buttons\Button.cs:line 117
4/12/2019 11:42:34 AM: {Exception} Requested value 'toggle_autoroller' was not found. Stack:    at System.Enum.EnumResult.SetFailure(ParseFailureKind failure, String failureMessageID, Object failureMessageFormatArgument)
   at System.Enum.TryParseEnum(Type enumType, String value, Boolean ignoreCase, EnumResult& parseResult)
   at System.Enum.Parse(Type enumType, String value, Boolean ignoreCase)
   at Yuusha.gui.Button.OnMouseDown(MouseState ms) in C:\Users\mikec\Desktop\YuushaMG\gui\controls\buttons\Button.cs:line 117
4/12/2019 11:42:34 AM: {Exception} Requested value 'toggle_autoroller' was not found. Stack:    at System.Enum.EnumResult.SetFailure(ParseFailureKind failure, String failureMessageID, Object failureMessageFormatArgument)
   at System.Enum.TryParseEnum(Type enumType, String value, Boolean ignoreCase, EnumResult& parseResult)
   at System.Enum.Parse(Type enumType, String value, Boolean ignoreCase)
   at Yuusha.gui.Button.OnMouseDown(MouseState ms) in C:\Users\mikec\Desktop\YuushaMG\gui\controls\buttons\Button.cs:line 117
4/12/2019 11:42:34 AM: {Exception} Requested value 'toggle_autoroller' was not found. Stack:    at System.Enum.EnumResult.SetFailure(ParseFailureKind failure, String failureMessageID, Object failureMessageFormatArgument)
   at System.Enum.TryParseEnum(Type enumType, String value, Boolean ignoreCase, EnumResult& parseResult)
   at System.Enum.Parse(Type enumType, String value, Boolean ignoreCase)
   at Yuusha.gui.Button.OnMouseDown(MouseState ms) in C:\Users\mikec\Desktop\YuushaMG\gui\controls\buttons\Button.cs:line 117
4/12/2019 11:42:34 AM: {Exception} Requested value 'toggle_autoroller' was not found. Stack:    at System.Enum.EnumResult.SetFailure(ParseFailureKind failure, String failureMessageID, Object failureMessageFormatArgument)
   at System.Enum.TryParseEnum(Type enumType, String value, Boolean ignoreCase, EnumResult& parseResult)
   at System.Enum.Parse(Type enumType, String value, Boolean ignoreCase)
   at Yuusha.gui.Button.OnMouseDown(MouseState ms) in C:\Users\mikec\Desktop\YuushaMG\gui\controls\buttons\Button.cs:line 117
4/12/2019 11:42:35 AM: {Exception} Requested value 'toggle_autoroller' was not found. Stack:    at System.Enum.EnumResult.SetFailure(ParseFailureKind failure, String failureMessageID, Object failureMessageFormatArgument)
   at System.Enum.TryParseEnum(Type enumType, String value, Boolean ignoreCase, EnumResult& parseResult)
   at System.Enum.Parse(Type enumType, String value, Boolean ignoreCase)
   at Yuusha.gui.Button.OnMouseDown(MouseState ms) in C:\Users\mikec\Desktop\YuushaMG\gui\controls\buttons\Button.cs:line 117
4/12/2019 11:42:35 AM: {Exception} Requested value 'toggle_autoroller' was not found. Stack:    at System.Enum.EnumResult.SetFailure(ParseFailureKind failure, String failureMessageID, Object failureMessageFormatArgument)
   at System.Enum.TryParseEnum(Type enumType, String value, Boolean ignoreCase, EnumResult& parseResult)
   at System.Enum.Parse(Type enumType, String value, Boolean ignoreCase)
   at Yuusha.gui.Button.OnMouseDown(MouseState ms) in C:\Users\mikec\Desktop\YuushaMG\gui\controls\buttons\Button.cs:line 117
4/12/2019 11:42:35 AM: {Exception} Requested value 'toggle_autoroller' was not found. Stack:    at System.Enum.EnumResult.SetFailure(ParseFailureKind failure, String failureMessageID, Object failureMessageFormatArgument)
   at System.Enum.TryParseEnum(Type enumType, String value, Boolean ignoreCase, EnumResult& parseResult)
   at System.Enum.Parse(Type enumType, String value, Boolean ignoreCase)
   at Yuusha.gui.Button.OnMouseDown(MouseState ms) in C:\Users\mikec\Desktop\YuushaMG\gui\controls\buttons\Button.cs:line 117
4/12/2019 11:42:35 AM: {Exception} Requested value 'toggle_autoroller' was not found. Stack:    at System.Enum.EnumResult.SetFailure(ParseFailureKind failure, String failureMessageID, Object failureMessageFormatArgument)
   at System.Enum.TryParseEnum(Type enumType, String value, Boolean ignoreCase, EnumResult& parseResult)
   at System.Enum.Parse(Type enumType, String value, Boolean ignoreCase)
   at Yuusha.gui.Button.OnMouseDown(MouseState ms) in C:\Users\mikec\Desktop\YuushaMG\gui\controls\buttons\Button.cs:line 117
4/12/2019 11:42:35 AM: {Exception} Requested value 'toggle_autoroller' was not found. Stack:    at System.Enum.EnumResult.SetFailure(ParseFailureKind failure, String failureMessageID, Object failureMessageFormatArgument)
   at System.Enum.TryParseEnum(Type enumType, String value, Boolean ignoreCase, EnumResult& parseResult)
   at System.Enum.Parse(Type enumType, String value, Boolean ignoreCase)
   at Yuusha.gui.Button.OnMouseDown(MouseState ms) in C:\Users\mikec\Desktop\YuushaMG\gui\controls\buttons\Button.cs:line 117
4/12/2019 11:42:35 AM: {Exception} Requested value 'toggle_autoroller' was not found. Stack:    at System.Enum.EnumResult.SetFailure(ParseFailureKind failure, String failureMessageID, Object failureMessageFormatArgument)
   at System.Enum.TryParseEnum(Type enumType, String value, Boolean ignoreCase, EnumResult& parseResult)
   at System.Enum.Parse(Type enumType, String value, Boolean ignoreCase)
   at Yuusha.gui.Button.OnMouseDown(MouseState ms) in C:\Users\mikec\Desktop\YuushaMG\gui\controls\buttons\Button.cs:line 117
4/12/2019 11:42:35 AM: {Exception} Requested value 'toggle_autoroller' was not found. Stack:    at System.Enum.EnumResult.SetFailure(ParseFailureKind failure, String failureMessageID, Object failureMessageFormatArgument)
   at System.Enum.TryParseEnum(Type enumType, String value, Boolean ignoreCase, EnumResult& parseResult)
   at System.Enum.Parse(Type enumType, String value, Boolean ignoreCase)
   at Yuusha.gui.Button.OnMouseDown(MouseState ms) in C:\Users\mikec\Desktop\YuushaMG\gui\controls\buttons\Button.cs:line 117
4/12/2019 11:42:35 AM: {Exception} Requested value 'toggle_autoroller' was not found. Stack:    at System.Enum.EnumResult.SetFailure(ParseFailureKind failure, String failureMessageID, Object failureMessageFormatArgument)
   at System.Enum.TryParseEnum(Type enumType, String value, Boolean ignoreCase, EnumResult& parseResult)
   at System.Enum.Parse(Type enumType, String value, Boolean ignoreCase)
   at Yuusha.gui.Button.OnMouseDown(MouseState ms) in C:\Users\mikec\Desktop\YuushaMG\gui\controls\buttons\Button.cs:line 117
4/12/2019 11:42:35 AM: {Exception} Requested value 'toggle_autoroller' was not found. Stack:    at System.Enum.EnumResult.SetFailure(ParseFailureKind failure, String failureMessageID, Object failureMessageFormatArgument)
   at System.Enum.TryParseEnum(Type enumType, String value, Boolean ignoreCase, EnumResult& parseResult)
   at System.Enum.Parse(Type enumType, String value, Boolean ignoreCase)
   at Yuusha.gui.Button.OnMouseDown(MouseState ms) in C:\Users\mikec\Desktop\YuushaMG\gui\controls\buttons\Button.cs:line 117
4/12/2019 11:42:35 AM: {Exception} Requested value 'toggle_autoroller' was not found. Stack:    at System.Enum.EnumResult.SetFailure(ParseFailureKind failure, String failureMessageID, Object failureMessageFormatArgument)
   at System.Enum.TryParseEnum(Type enumType, String value, Boolean ignoreCase, EnumResult& parseResult)
   at System.Enum.Parse(Type enumType, String value, Boolean ignoreCase)
   at Yuusha.gui.Button.OnMouseDown(MouseState ms) in C:\Users\mikec\Desktop\YuushaMG\gui\controls\buttons\Button.cs:line 117
