5/30/2019 8:48:21 AM: {Exception} Must specify valid information for parsing in the string. Stack:    at System.Enum.TryParseEnum(Type enumType, String value, Boolean ignoreCase, EnumResult& parseResult)
   at System.Enum.Parse(Type enumType, String value, Boolean ignoreCase)
   at Yuusha.gui.Button.OnMouseDown(MouseState ms) in C:\Users\mikec\Desktop\YuushaMG\gui\controls\buttons\Button.cs:line 116
5/30/2019 8:48:21 AM: Failed OnMouseDown event for Button [ SecondTabControlButton ] of Sheet [ Generic ]
5/30/2019 9:03:03 AM: {Exception} Must specify valid information for parsing in the string. Stack:    at System.Enum.TryParseEnum(Type enumType, String value, Boolean ignoreCase, EnumResult& parseResult)
   at System.Enum.Parse(Type enumType, String value, Boolean ignoreCase)
   at Yuusha.gui.Button.OnMouseDown(MouseState ms) in C:\Users\mikec\Desktop\YuushaMG\gui\controls\buttons\Button.cs:line 116
5/30/2019 9:03:03 AM: Failed OnMouseDown event for Button [ SecondTabControlButton ] of Sheet [ Generic ]
5/30/2019 9:03:03 AM: {Exception} Must specify valid information for parsing in the string. Stack:    at System.Enum.TryParseEnum(Type enumType, String value, Boolean ignoreCase, EnumResult& parseResult)
   at System.Enum.Parse(Type enumType, String value, Boolean ignoreCase)
   at Yuusha.gui.Button.OnMouseDown(MouseState ms) in C:\Users\mikec\Desktop\YuushaMG\gui\controls\buttons\Button.cs:line 116
5/30/2019 9:03:03 AM: {Exception} Must specify valid information for parsing in the string. Stack:    at System.Enum.TryParseEnum(Type enumType, String value, Boolean ignoreCase, EnumResult& parseResult)
   at System.Enum.Parse(Type enumType, String value, Boolean ignoreCase)
   at Yuusha.gui.Button.OnMouseDown(MouseState ms) in C:\Users\mikec\Desktop\YuushaMG\gui\controls\buttons\Button.cs:line 116
5/30/2019 9:03:03 AM: Failed OnMouseDown event for Button [ FirstTabControlButton ] of Sheet [ Generic ]
5/30/2019 9:03:03 AM: {Exception} Must specify valid information for parsing in the string. Stack:    at System.Enum.TryParseEnum(Type enumType, String value, Boolean ignoreCase, EnumResult& parseResult)
   at System.Enum.Parse(Type enumType, String value, Boolean ignoreCase)
   at Yuusha.gui.Button.OnMouseDown(MouseState ms) in C:\Users\mikec\Desktop\YuushaMG\gui\controls\buttons\Button.cs:line 116
5/30/2019 9:03:03 AM: {Exception} Must specify valid information for parsing in the string. Stack:    at System.Enum.TryParseEnum(Type enumType, String value, Boolean ignoreCase, EnumResult& parseResult)
   at System.Enum.Parse(Type enumType, String value, Boolean ignoreCase)
   at Yuusha.gui.Button.OnMouseDown(MouseState ms) in C:\Users\mikec\Desktop\YuushaMG\gui\controls\buttons\Button.cs:line 116
5/30/2019 9:03:03 AM: {Exception} Must specify valid information for parsing in the string. Stack:    at System.Enum.TryParseEnum(Type enumType, String value, Boolean ignoreCase, EnumResult& parseResult)
   at System.Enum.Parse(Type enumType, String value, Boolean ignoreCase)
   at Yuusha.gui.Button.OnMouseDown(MouseState ms) in C:\Users\mikec\Desktop\YuushaMG\gui\controls\buttons\Button.cs:line 116
5/30/2019 9:03:03 AM: {Exception} Must specify valid information for parsing in the string. Stack:    at System.Enum.TryParseEnum(Type enumType, String value, Boolean ignoreCase, EnumResult& parseResult)
   at System.Enum.Parse(Type enumType, String value, Boolean ignoreCase)
   at Yuusha.gui.Button.OnMouseDown(MouseState ms) in C:\Users\mikec\Desktop\YuushaMG\gui\controls\buttons\Button.cs:line 116
5/30/2019 9:03:03 AM: {Exception} Must specify valid information for parsing in the string. Stack:    at System.Enum.TryParseEnum(Type enumType, String value, Boolean ignoreCase, EnumResult& parseResult)
   at System.Enum.Parse(Type enumType, String value, Boolean ignoreCase)
   at Yuusha.gui.Button.OnMouseDown(MouseState ms) in C:\Users\mikec\Desktop\YuushaMG\gui\controls\buttons\Button.cs:line 116
