5/29/2019 8:43:31 PM: GUI Sheet [ Login ], Window [ FirstTabOptionsWindow ] returned null for Control [ OptionsNumPadDivideTextBox ]
5/29/2019 8:43:31 PM: GUI Sheet [ Login ], Window [ FirstTabOptionsWindow ] returned null for Control [ OptionsNumPadMultiplyTextBox ]
5/29/2019 8:43:31 PM: GUI Sheet [ Login ], Window [ FirstTabOptionsWindow ] returned null for Control [ OptionsNumPadSubtractTextBox ]
5/29/2019 8:43:31 PM: GUI Sheet [ Login ], Window [ FirstTabOptionsWindow ] returned null for Control [ OptionsNumPadAddTextBox ]
5/29/2019 8:43:31 PM: GUI Sheet [ Login ], Window [ FirstTabOptionsWindow ] returned null for Control [ OptionsNumPadZeroTextBox ]
5/29/2019 8:43:31 PM: GUI Sheet [ Login ], Window [ FirstTabOptionsWindow ] returned null for Control [ OptionsNumPadFiveTextBox ]
5/29/2019 8:43:31 PM: GUI Sheet [ Login ], Window [ FirstTabOptionsWindow ] returned null for Control [ OptionsNumPadDeleteTextBox ]
5/29/2019 8:45:02 PM: GUI Sheet [ Login ], Window [ FirstTabOptionsWindow ] returned null for Control [ OptionsNumPadDivideTextBox ]
5/29/2019 8:45:02 PM: GUI Sheet [ Login ], Window [ FirstTabOptionsWindow ] returned null for Control [ OptionsNumPadMultiplyTextBox ]
5/29/2019 8:45:02 PM: GUI Sheet [ Login ], Window [ FirstTabOptionsWindow ] returned null for Control [ OptionsNumPadSubtractTextBox ]
5/29/2019 8:45:02 PM: GUI Sheet [ Login ], Window [ FirstTabOptionsWindow ] returned null for Control [ OptionsNumPadAddTextBox ]
5/29/2019 8:45:02 PM: GUI Sheet [ Login ], Window [ FirstTabOptionsWindow ] returned null for Control [ OptionsNumPadZeroTextBox ]
5/29/2019 8:45:02 PM: GUI Sheet [ Login ], Window [ FirstTabOptionsWindow ] returned null for Control [ OptionsNumPadFiveTextBox ]
5/29/2019 8:45:02 PM: GUI Sheet [ Login ], Window [ FirstTabOptionsWindow ] returned null for Control [ OptionsNumPadDeleteTextBox ]
5/29/2019 8:45:12 PM: GUI Sheet [ Menu ], Window [ FirstTabOptionsWindow ] returned null for Control [ OptionsNumPadDivideTextBox ]
5/29/2019 8:45:12 PM: GUI Sheet [ Menu ], Window [ FirstTabOptionsWindow ] returned null for Control [ OptionsNumPadMultiplyTextBox ]
5/29/2019 8:45:12 PM: GUI Sheet [ Menu ], Window [ FirstTabOptionsWindow ] returned null for Control [ OptionsNumPadSubtractTextBox ]
5/29/2019 8:45:12 PM: GUI Sheet [ Menu ], Window [ FirstTabOptionsWindow ] returned null for Control [ OptionsNumPadAddTextBox ]
5/29/2019 8:45:12 PM: GUI Sheet [ Menu ], Window [ FirstTabOptionsWindow ] returned null for Control [ OptionsNumPadZeroTextBox ]
5/29/2019 8:45:12 PM: GUI Sheet [ Menu ], Window [ FirstTabOptionsWindow ] returned null for Control [ OptionsNumPadFiveTextBox ]
5/29/2019 8:45:12 PM: GUI Sheet [ Menu ], Window [ FirstTabOptionsWindow ] returned null for Control [ OptionsNumPadDeleteTextBox ]
