5/25/2019 10:54:12 AM: {Exception} Collection was modified; enumeration operation may not execute. Stack:    at System.ThrowHelper.ThrowInvalidOperationException(ExceptionResource resource)
   at System.Collections.Generic.List`1.Enumerator.MoveNextRare()
   at System.Collections.Generic.List`1.Enumerator.MoveNext()
   at Yuusha.Events.ResetLoginGUI() in C:\Users\mikec\Desktop\YuushaMG\Events.cs:line 1206
   at Yuusha.Events.RegisterEvent(EventName name, Object[] args) in C:\Users\mikec\Desktop\YuushaMG\Events.cs:line 663
5/25/2019 10:54:12 AM: {Exception} Collection was modified; enumeration operation may not execute. Stack:    at System.ThrowHelper.ThrowInvalidOperationException(ExceptionResource resource)
   at System.Collections.Generic.List`1.Enumerator.MoveNextRare()
   at System.Collections.Generic.List`1.Enumerator.MoveNext()
   at Yuusha.Events.ResetLoginGUI() in C:\Users\mikec\Desktop\YuushaMG\Events.cs:line 1206
   at Yuusha.Events.RegisterEvent(EventName name, Object[] args) in C:\Users\mikec\Desktop\YuushaMG\Events.cs:line 663
5/25/2019 11:09:14 AM: {Exception} Collection was modified; enumeration operation may not execute. Stack:    at System.ThrowHelper.ThrowInvalidOperationException(ExceptionResource resource)
   at System.Collections.Generic.List`1.Enumerator.MoveNextRare()
   at System.Collections.Generic.List`1.Enumerator.MoveNext()
   at Yuusha.Events.ResetLoginGUI() in C:\Users\mikec\Desktop\YuushaMG\Events.cs:line 1206
   at Yuusha.Events.RegisterEvent(EventName name, Object[] args) in C:\Users\mikec\Desktop\YuushaMG\Events.cs:line 663
5/25/2019 11:10:58 AM: {Exception} Collection was modified; enumeration operation may not execute. Stack:    at System.ThrowHelper.ThrowInvalidOperationException(ExceptionResource resource)
   at System.Collections.Generic.List`1.Enumerator.MoveNextRare()
   at System.Collections.Generic.List`1.Enumerator.MoveNext()
   at Yuusha.Events.ResetLoginGUI() in C:\Users\mikec\Desktop\YuushaMG\Events.cs:line 1206
   at Yuusha.Events.RegisterEvent(EventName name, Object[] args) in C:\Users\mikec\Desktop\YuushaMG\Events.cs:line 663
5/25/2019 11:15:36 AM: {Exception} Collection was modified; enumeration operation may not execute. Stack:    at System.ThrowHelper.ThrowInvalidOperationException(ExceptionResource resource)
   at System.Collections.Generic.List`1.Enumerator.MoveNextRare()
   at System.Collections.Generic.List`1.Enumerator.MoveNext()
   at Yuusha.Events.ResetLoginGUI() in C:\Users\mikec\Desktop\YuushaMG\Events.cs:line 1206
   at Yuusha.Events.RegisterEvent(EventName name, Object[] args) in C:\Users\mikec\Desktop\YuushaMG\Events.cs:line 663
5/25/2019 11:17:24 AM: {Exception} Collection was modified; enumeration operation may not execute. Stack:    at System.ThrowHelper.ThrowInvalidOperationException(ExceptionResource resource)
   at System.Collections.Generic.List`1.Enumerator.MoveNextRare()
   at System.Collections.Generic.List`1.Enumerator.MoveNext()
   at Yuusha.Events.ResetLoginGUI() in C:\Users\mikec\Desktop\YuushaMG\Events.cs:line 1206
   at Yuusha.Events.RegisterEvent(EventName name, Object[] args) in C:\Users\mikec\Desktop\YuushaMG\Events.cs:line 663
5/25/2019 12:01:02 PM: {Exception} Collection was modified; enumeration operation may not execute. Stack:    at System.ThrowHelper.ThrowInvalidOperationException(ExceptionResource resource)
   at System.Collections.Generic.List`1.Enumerator.MoveNextRare()
   at System.Collections.Generic.List`1.Enumerator.MoveNext()
   at Yuusha.Events.ResetLoginGUI() in C:\Users\mikec\Desktop\YuushaMG\Events.cs:line 1206
   at Yuusha.Events.RegisterEvent(EventName name, Object[] args) in C:\Users\mikec\Desktop\YuushaMG\Events.cs:line 663
5/25/2019 12:02:39 PM: {Exception} Collection was modified; enumeration operation may not execute. Stack:    at System.ThrowHelper.ThrowInvalidOperationException(ExceptionResource resource)
   at System.Collections.Generic.List`1.Enumerator.MoveNextRare()
   at System.Collections.Generic.List`1.Enumerator.MoveNext()
   at Yuusha.Events.ResetLoginGUI() in C:\Users\mikec\Desktop\YuushaMG\Events.cs:line 1206
   at Yuusha.Events.RegisterEvent(EventName name, Object[] args) in C:\Users\mikec\Desktop\YuushaMG\Events.cs:line 663
5/25/2019 12:07:06 PM: {Exception} Collection was modified; enumeration operation may not execute. Stack:    at System.ThrowHelper.ThrowInvalidOperationException(ExceptionResource resource)
   at System.Collections.Generic.List`1.Enumerator.MoveNextRare()
   at System.Collections.Generic.List`1.Enumerator.MoveNext()
   at Yuusha.Events.ResetLoginGUI() in C:\Users\mikec\Desktop\YuushaMG\Events.cs:line 1206
   at Yuusha.Events.RegisterEvent(EventName name, Object[] args) in C:\Users\mikec\Desktop\YuushaMG\Events.cs:line 663
5/25/2019 12:19:33 PM: {Exception} Collection was modified; enumeration operation may not execute. Stack:    at System.ThrowHelper.ThrowInvalidOperationException(ExceptionResource resource)
   at System.Collections.Generic.List`1.Enumerator.MoveNextRare()
   at System.Collections.Generic.List`1.Enumerator.MoveNext()
   at Yuusha.Events.ResetLoginGUI() in C:\Users\mikec\Desktop\YuushaMG\Events.cs:line 1206
   at Yuusha.Events.RegisterEvent(EventName name, Object[] args) in C:\Users\mikec\Desktop\YuushaMG\Events.cs:line 663
